#
# A fatal error has been detected by the Java Runtime Environment:
#
#  EXCEPTION_ACCESS_VIOLATION (0xc0000005) at pc=0x00007ffe9850e6a0, pid=15240, tid=12920
#
# JRE version: OpenJDK Runtime Environment (21.0.8) (build 21.0.8+-14196175-b1038.72)
# Java VM: OpenJDK 64-Bit Server VM (21.0.8+-14196175-b1038.72, mixed mode, tiered, compressed oops, compressed class ptrs, g1 gc, windows-amd64)
# Problematic frame:
# V  [jvm.dll+0x3be6a0]
#
# No core dump will be written. Minidumps are not enabled by default on client versions of Windows
#
# If you would like to submit a bug report, please visit:
#   https://youtrack.jetbrains.com/issues/JBR
#

---------------  S U M M A R Y ------------

Command Line: --add-opens=java.base/java.lang=ALL-UNNAMED --add-opens=java.base/java.lang.invoke=ALL-UNNAMED --add-opens=java.base/java.util=ALL-UNNAMED --add-opens=java.prefs/java.util.prefs=ALL-UNNAMED --add-exports=jdk.compiler/com.sun.tools.javac.api=ALL-UNNAMED --add-exports=jdk.compiler/com.sun.tools.javac.util=ALL-UNNAMED --add-opens=java.base/java.util=ALL-UNNAMED --add-opens=java.prefs/java.util.prefs=ALL-UNNAMED --add-opens=java.base/java.nio.charset=ALL-UNNAMED --add-opens=java.base/java.net=ALL-UNNAMED --add-opens=java.base/java.util.concurrent.atomic=ALL-UNNAMED --add-opens=java.xml/javax.xml.namespace=ALL-UNNAMED -Xmx2048m -Dfile.encoding=UTF-8 -Duser.country=RU -Duser.language=ru -Duser.variant -javaagent:C:\Users\le86k\.gradle\wrapper\dists\gradle-8.13-bin\5xuhj0ry160q40clulazy9h7d\gradle-8.13\lib\agents\gradle-instrumentation-agent-8.13.jar org.gradle.launcher.daemon.bootstrap.GradleDaemon 8.13

Host: Intel(R) Core(TM) i5-6500 CPU @ 3.20GHz, 4 cores, 31G,  Windows 11 , 64 bit Build 26100 (10.0.26100.5074)
Time: Tue Nov  4 16:36:07 2025 elapsed time: 5.987508 seconds (0d 0h 0m 5s)

---------------  T H R E A D  ---------------

Current thread (0x000001685e143280):  JavaThread "C2 CompilerThread0" daemon [_thread_in_native, id=12920, stack(0x00000012f3100000,0x00000012f3200000) (1024K)]


Current CompileTask:
C2:5987 6201   !   4       java.net.URLClassLoader::findClass (47 bytes)

Stack: [0x00000012f3100000,0x00000012f3200000],  sp=0x00000012f31fce70,  free space=1011k
Native frames: (J=compiled Java code, j=interpreted, Vv=VM code, C=native code)
V  [jvm.dll+0x3be6a0]
V  [jvm.dll+0x3b78d8]
V  [jvm.dll+0x1dfd58]
V  [jvm.dll+0x2493a4]
V  [jvm.dll+0x248821]
V  [jvm.dll+0x1c73a4]
V  [jvm.dll+0x257f9e]
V  [jvm.dll+0x2564e6]
V  [jvm.dll+0x3f4696]
V  [jvm.dll+0x80eac8]
V  [jvm.dll+0x6d512d]
C  [ucrtbase.dll+0x37b0]
C  [KERNEL32.DLL+0x2e8d7]
C  [ntdll.dll+0x8d9c]


siginfo: EXCEPTION_ACCESS_VIOLATION (0xc0000005), reading address 0xffffffffffffffff


Registers:
RAX=0x0000000000000000, RBX=0x00000012f31fcec0, RCX=0x0000000000000000, RDX=0x00207ffe98cf0370
RSP=0x00000012f31fce70, RBP=0x00000012f31fcfe0, RSI=0x00007ffe98cf0370, RDI=0x0000000000000020
R8 =0x0000000000001a40, R9 =0x0000000000000004, R10=0x0000000000000003, R11=0x00000168665d43e0
R12=0x0000000000000001, R13=0x0000000000000000, R14=0x0000000000001a51, R15=0x0000000000001a51
RIP=0x00007ffe9850e6a0, EFLAGS=0x0000000000010246

XMM[0]=0x0000000000000000 0x0000000000000000
XMM[1]=0x0000000000000000 0x407db16730d41e79
XMM[2]=0x0000000000000000 0x0000000000000000
XMM[3]=0x0000000000000000 0x0000000000000000
XMM[4]=0x0000000000000000 0x0000000000000000
XMM[5]=0xffffffffffffffff 0xffffffffffffffff
XMM[6]=0x0000000000000000 0x0000000000000000
XMM[7]=0x0000000000000000 0x0000000000000000
XMM[8]=0x0000000000000000 0x0000000000000000
XMM[9]=0x0000000000000000 0x0000000000000000
XMM[10]=0x0000000000000000 0x0000000000000000
XMM[11]=0x0000000000000000 0x0000000000000000
XMM[12]=0x0000000000000000 0x0000000000000000
XMM[13]=0x0000000000000000 0x0000000000000000
XMM[14]=0x0000000000000000 0x0000000000000000
XMM[15]=0x0000000000000000 0x0000000000000000
  MXCSR=0x00001fa0


Register to memory mapping:

RAX=0x0 is null
RBX=0x00000012f31fcec0 is pointing into the stack for thread: 0x000001685e143280
RCX=0x0 is null
RDX=0x00207ffe98cf0370 is an unknown value
RSP=0x00000012f31fce70 is pointing into the stack for thread: 0x000001685e143280
RBP=0x00000012f31fcfe0 is pointing into the stack for thread: 0x000001685e143280
RSI=0x00007ffe98cf0370 jvm.dll
RDI=0x0000000000000020 is an unknown value
R8 =0x0000000000001a40 is an unknown value
R9 =0x0000000000000004 is an unknown value
R10=0x0000000000000003 is an unknown value
R11=0x00000168665d43e0 points into unknown readable memory: 0x0000000000000000 | 00 00 00 00 00 00 00 00
R12=0x0000000000000001 is an unknown value
R13=0x0 is null
R14=0x0000000000001a51 is an unknown value
R15=0x0000000000001a51 is an unknown value

Top of Stack: (sp=0x00000012f31fce70)
0x00000012f31fce70:   000000000000242e 00007ffe9850e7f4
0x00000012f31fce80:   000001685e101e40 00000168670f5a00
0x00000012f31fce90:   0000000000000038 00007ffe985078d8
0x00000012f31fcea0:   0000000000000002 000000000000001b
0x00000012f31fceb0:   000000000000242f 000000000000242f
0x00000012f31fcec0:   0000000000000000 0000000200001a59
0x00000012f31fced0:   000000230000001b 00207ffe98cf0370
0x00000012f31fcee0:   000001685e35df18 00000168661da2f0
0x00000012f31fcef0:   00000000000003d8 00000168646331c0
0x00000012f31fcf00:   00000168646331b0 0000016864633598
0x00000012f31fcf10:   00000012f31fd020 00007ffe9832fd58
0x00000012f31fcf20:   00000012f31fd360 00000012f31fd440
0x00000012f31fcf30:   0000000000000000 00000168646331b0
0x00000012f31fcf40:   000001685e0c6300 0000000000000000
0x00000012f31fcf50:   00007fff1c7e8807 00000168646331b0
0x00000012f31fcf60:   0000016865b44340 0000016865b49c90
0x00000012f31fcf70:   0000016865b4c328 000000000096a558
0x00000012f31fcf80:   0000000000000000 0000000000000000
0x00000012f31fcf90:   000000000000a348 000000000000c500
0x00000012f31fcfa0:   0000000000000000 00007ffe98a9cff8
0x00000012f31fcfb0:   0000000000000000 00000012f31fe850
0x00000012f31fcfc0:   0000000000000000 00007ffe98a9cff8
0x00000012f31fcfd0:   0000000000000000 000001685e101e40
0x00000012f31fcfe0:   000030610000000c 00000012f31fe850
0x00000012f31fcff0:   00000168660d3050 0000000000000001
0x00000012f31fd000:   0000016866247050 0000000000002431
0x00000012f31fd010:   00000012f31fcf50 00000168646331c0
0x00000012f31fd020:   00007ffe98a9cfc8 000001680000000d
0x00000012f31fd030:   00000012f31fe850 00000012f31fd360
0x00000012f31fd040:   0000000000003179 00007ffe98210d03
0x00000012f31fd050:   000001680000000a 00000012f31fe850
0x00000012f31fd060:   0000016866c56fa0 0000000000000000 

Instructions: (pc=0x00007ffe9850e6a0)
0x00007ffe9850e5a0:   48 8b a8 80 00 00 00 48 8b 8d d8 08 00 00 48 85
0x00007ffe9850e5b0:   c9 75 0c e8 78 0b 00 00 48 8b 8d d8 08 00 00 48
0x00007ffe9850e5c0:   8b 01 0f 57 c0 48 89 85 d8 08 00 00 0f 11 01 0f
0x00007ffe9850e5d0:   11 41 10 41 0f 10 06 0f 11 01 41 0f 10 4e 10 0f
0x00007ffe9850e5e0:   11 49 10 48 8b 43 08 48 89 0c 06 ff c7 ba 34 00
0x00007ffe9850e5f0:   00 00 3b bb 90 00 00 00 0f 82 62 ff ff ff 4c 8b
0x00007ffe9850e600:   74 24 60 4c 8b 6c 24 58 4c 8b 64 24 50 48 8b c3
0x00007ffe9850e610:   48 83 c4 20 41 5f 5f 5e 5d 5b c3 cc cc cc cc cc
0x00007ffe9850e620:   40 53 48 83 ec 20 8b 51 0c 48 8b d9 83 fa 04 73
0x00007ffe9850e630:   2a 4c 8b 59 18 66 66 66 0f 1f 84 00 00 00 00 00
0x00007ffe9850e640:   44 8b d2 44 8d 4a 01 4b 83 3c d3 00 0f 85 8f 00
0x00007ffe9850e650:   00 00 41 8b d1 41 83 f9 04 72 e5 48 89 74 24 30
0x00007ffe9850e660:   48 89 7c 24 38 8b 79 10 3b 79 14 73 62 48 8d 35
0x00007ffe9850e670:   fc 1c 7e 00 0f 1f 40 00 0f 1f 84 00 00 00 00 00
0x00007ffe9850e680:   48 8b 43 20 8b cf 48 8b 14 c8 48 3b d6 74 39 33
0x00007ffe9850e690:   c0 48 89 53 18 33 c9 66 0f 1f 84 00 00 00 00 00
0x00007ffe9850e6a0:   48 83 3c 11 00 44 8d 48 01 75 6f 48 83 c1 08 41
0x00007ffe9850e6b0:   8b c1 41 83 f9 04 72 e8 48 8b 4b 28 48 85 c9 74
0x00007ffe9850e6c0:   07 8b d7 e8 58 01 00 00 ff c7 3b 7b 14 72 b1 48
0x00007ffe9850e6d0:   8b 74 24 30 33 c0 48 8b 7c 24 38 48 83 c4 20 5b
0x00007ffe9850e6e0:   c3 8b 41 10 44 8d 04 82 41 c1 e0 06 41 81 c0 00
0x00007ffe9850e6f0:   ff ff ff 44 89 41 08 4b 8b 14 d3 48 0f bc c2 44
0x00007ffe9850e700:   89 49 0c 8b c8 48 d3 ea 48 ff ca 41 03 c0 48 89
0x00007ffe9850e710:   13 89 43 08 48 83 c4 20 5b c3 48 8b 74 24 30 44
0x00007ffe9850e720:   8d 04 b8 8b c8 8d 47 01 48 8b 7c 24 38 41 c1 e0
0x00007ffe9850e730:   06 44 89 43 08 48 8b 14 ca 89 43 10 48 0f bc c2
0x00007ffe9850e740:   44 89 4b 0c 8b c8 48 d3 ea 48 ff ca 41 03 c0 48
0x00007ffe9850e750:   89 13 89 43 08 48 83 c4 20 5b c3 cc cc cc cc cc
0x00007ffe9850e760:   40 53 48 83 ec 20 65 48 8b 04 25 58 00 00 00 8b
0x00007ffe9850e770:   0d 13 55 83 00 48 8b 1c c8 b8 34 00 00 00 80 3c
0x00007ffe9850e780:   18 00 75 05 e8 f3 7e 4d 00 b8 20 00 00 00 48 8b
0x00007ffe9850e790:   04 18 48 8b 88 68 06 00 00 48 8b 99 80 00 00 00 


Stack slot to memory mapping:

stack at sp + 0 slots: 0x000000000000242e is an unknown value
stack at sp + 1 slots: 0x00007ffe9850e7f4 jvm.dll
stack at sp + 2 slots: 0x000001685e101e40 points into unknown readable memory: 0x0000016844c85707 | 07 57 c8 44 68 01 00 00
stack at sp + 3 slots: 0x00000168670f5a00 points into unknown readable memory: 0x75522865732c7d29 | 29 7d 2c 73 65 28 52 75
stack at sp + 4 slots: 0x0000000000000038 is an unknown value
stack at sp + 5 slots: 0x00007ffe985078d8 jvm.dll
stack at sp + 6 slots: 0x0000000000000002 is an unknown value
stack at sp + 7 slots: 0x000000000000001b is an unknown value


---------------  P R O C E S S  ---------------

Threads class SMR info:
_java_thread_list=0x0000016867536f40, length=48, elements={
0x0000016844c857c0, 0x000001685e129430, 0x000001685e12a3e0, 0x000001685e158550,
0x000001685e15a080, 0x000001685e13f500, 0x000001685e1406e0, 0x000001685e141cb0,
0x000001685e143280, 0x000001685e1673b0, 0x000001685e51dca0, 0x000001685e615b30,
0x00000168646e3a20, 0x0000016864504b60, 0x0000016863d40250, 0x000001685e9b25d0,
0x000001685e9b2c40, 0x00000168647fdc60, 0x000001686464cbc0, 0x000001686475a770,
0x00000168647593c0, 0x000001686475ae00, 0x000001686475c1b0, 0x0000016864759a50,
0x000001686475bb20, 0x000001686475a0e0, 0x000001686475b490, 0x0000016867492e50,
0x0000016867491410, 0x0000016867492130, 0x0000016867490060, 0x00000168674906f0,
0x0000016867491aa0, 0x00000168674927c0, 0x00000168674934e0, 0x0000016867493b70,
0x0000016867490d80, 0x0000016867496ff0, 0x0000016867497680, 0x00000168674962d0,
0x0000016867495c40, 0x0000016867494890, 0x00000168674955b0, 0x0000016867ad8430,
0x0000016867adb8b0, 0x0000016867adab90, 0x0000016867ada500, 0x0000016867adbf40
}

Java Threads: ( => current thread )
  0x0000016844c857c0 JavaThread "main"                              [_thread_blocked, id=8540, stack(0x00000012f2200000,0x00000012f2300000) (1024K)]
  0x000001685e129430 JavaThread "Common-Cleaner"             daemon [_thread_blocked, id=4504, stack(0x00000012f2a00000,0x00000012f2b00000) (1024K)]
  0x000001685e12a3e0 JavaThread "Reference Handler"          daemon [_thread_blocked, id=15288, stack(0x00000012f2b00000,0x00000012f2c00000) (1024K)]
  0x000001685e158550 JavaThread "Finalizer"                  daemon [_thread_blocked, id=14372, stack(0x00000012f2c00000,0x00000012f2d00000) (1024K)]
  0x000001685e15a080 JavaThread "Signal Dispatcher"          daemon [_thread_blocked, id=8672, stack(0x00000012f2d00000,0x00000012f2e00000) (1024K)]
  0x000001685e13f500 JavaThread "Attach Listener"            daemon [_thread_blocked, id=1404, stack(0x00000012f2e00000,0x00000012f2f00000) (1024K)]
  0x000001685e1406e0 JavaThread "Service Thread"             daemon [_thread_blocked, id=11212, stack(0x00000012f2f00000,0x00000012f3000000) (1024K)]
  0x000001685e141cb0 JavaThread "Monitor Deflation Thread"   daemon [_thread_blocked, id=13820, stack(0x00000012f3000000,0x00000012f3100000) (1024K)]
=>0x000001685e143280 JavaThread "C2 CompilerThread0"         daemon [_thread_in_native, id=12920, stack(0x00000012f3100000,0x00000012f3200000) (1024K)]
  0x000001685e1673b0 JavaThread "C1 CompilerThread0"         daemon [_thread_blocked, id=13576, stack(0x00000012f3200000,0x00000012f3300000) (1024K)]
  0x000001685e51dca0 JavaThread "Notification Thread"        daemon [_thread_blocked, id=14244, stack(0x00000012f3300000,0x00000012f3400000) (1024K)]
  0x000001685e615b30 JavaThread "C2 CompilerThread1"         daemon [_thread_blocked, id=7700, stack(0x00000012f3400000,0x00000012f3500000) (1024K)]
  0x00000168646e3a20 JavaThread "Daemon health stats"               [_thread_blocked, id=1304, stack(0x00000012f3800000,0x00000012f3900000) (1024K)]
  0x0000016864504b60 JavaThread "Incoming local TCP Connector on port 52298"        [_thread_in_native, id=15156, stack(0x00000012f3900000,0x00000012f3a00000) (1024K)]
  0x0000016863d40250 JavaThread "Daemon periodic checks"            [_thread_blocked, id=9780, stack(0x00000012f3a00000,0x00000012f3b00000) (1024K)]
  0x000001685e9b25d0 JavaThread "Daemon"                            [_thread_blocked, id=13488, stack(0x00000012f3b00000,0x00000012f3c00000) (1024K)]
  0x000001685e9b2c40 JavaThread "Handler for socket connection from /127.0.0.1:52298 to /127.0.0.1:52299"        [_thread_in_native, id=13056, stack(0x00000012f3c00000,0x00000012f3d00000) (1024K)]
  0x00000168647fdc60 JavaThread "Cancel handler"                    [_thread_blocked, id=8392, stack(0x00000012f3d00000,0x00000012f3e00000) (1024K)]
  0x000001686464cbc0 JavaThread "Daemon worker"                     [_thread_in_vm, id=11668, stack(0x00000012f3e00000,0x00000012f3f00000) (1024K)]
  0x000001686475a770 JavaThread "Asynchronous log dispatcher for DefaultDaemonConnection: socket connection from /127.0.0.1:52298 to /127.0.0.1:52299"        [_thread_blocked, id=4872, stack(0x00000012f3f00000,0x00000012f4000000) (1024K)]
  0x00000168647593c0 JavaThread "Stdin handler"                     [_thread_blocked, id=9032, stack(0x00000012f4000000,0x00000012f4100000) (1024K)]
  0x000001686475ae00 JavaThread "Daemon client event forwarder"        [_thread_blocked, id=10924, stack(0x00000012f4100000,0x00000012f4200000) (1024K)]
  0x000001686475c1b0 JavaThread "Cache worker for journal cache (C:\Users\le86k\.gradle\caches\journal-1)"        [_thread_blocked, id=6456, stack(0x00000012f4200000,0x00000012f4300000) (1024K)]
  0x0000016864759a50 JavaThread "File lock request listener"        [_thread_in_native, id=14208, stack(0x00000012f4300000,0x00000012f4400000) (1024K)]
  0x000001686475bb20 JavaThread "Cache worker for file hash cache (C:\Users\le86k\.gradle\caches\8.13\fileHashes)"        [_thread_blocked, id=8176, stack(0x00000012f4400000,0x00000012f4500000) (1024K)]
  0x000001686475a0e0 JavaThread "Cache worker for file hash cache (D:\netologyCode\andad-code-master\andad-code-master\03_arch\android\.gradle\8.13\fileHashes)"        [_thread_blocked, id=10356, stack(0x00000012f4500000,0x00000012f4600000) (1024K)]
  0x000001686475b490 JavaThread "Cache worker for Build Output Cleanup Cache (D:\netologyCode\andad-code-master\andad-code-master\03_arch\android\.gradle\buildOutputCleanup)"        [_thread_blocked, id=13432, stack(0x00000012f4600000,0x00000012f4700000) (1024K)]
  0x0000016867492e50 JavaThread "File watcher server"        daemon [_thread_in_native, id=12052, stack(0x00000012f4700000,0x00000012f4800000) (1024K)]
  0x0000016867491410 JavaThread "File watcher consumer"      daemon [_thread_blocked, id=1956, stack(0x00000012f4800000,0x00000012f4900000) (1024K)]
  0x0000016867492130 JavaThread "jar transforms"                    [_thread_blocked, id=2784, stack(0x00000012f4900000,0x00000012f4a00000) (1024K)]
  0x0000016867490060 JavaThread "jar transforms Thread 2"           [_thread_blocked, id=10272, stack(0x00000012f4a00000,0x00000012f4b00000) (1024K)]
  0x00000168674906f0 JavaThread "jar transforms Thread 3"           [_thread_blocked, id=6712, stack(0x00000012f4b00000,0x00000012f4c00000) (1024K)]
  0x0000016867491aa0 JavaThread "jar transforms Thread 4"           [_thread_blocked, id=7968, stack(0x00000012f4c00000,0x00000012f4d00000) (1024K)]
  0x00000168674927c0 JavaThread "Cache worker for checksums cache (D:\netologyCode\andad-code-master\andad-code-master\03_arch\android\.gradle\8.13\checksums)"        [_thread_blocked, id=6404, stack(0x00000012f4d00000,0x00000012f4e00000) (1024K)]
  0x00000168674934e0 JavaThread "Cache worker for file content cache (C:\Users\le86k\.gradle\caches\8.13\fileContent)"        [_thread_blocked, id=11472, stack(0x00000012f4e00000,0x00000012f4f00000) (1024K)]
  0x0000016867493b70 JavaThread "Cache worker for cache directory md-supplier (C:\Users\le86k\.gradle\caches\8.13\md-supplier)"        [_thread_blocked, id=4288, stack(0x00000012f4f00000,0x00000012f5000000) (1024K)]
  0x0000016867490d80 JavaThread "Cache worker for cache directory md-rule (C:\Users\le86k\.gradle\caches\8.13\md-rule)"        [_thread_blocked, id=5952, stack(0x00000012f5000000,0x00000012f5100000) (1024K)]
  0x0000016867496ff0 JavaThread "Unconstrained build operations"        [_thread_blocked, id=8228, stack(0x00000012f5100000,0x00000012f5200000) (1024K)]
  0x0000016867497680 JavaThread "Unconstrained build operations Thread 2"        [_thread_blocked, id=12416, stack(0x00000012f5200000,0x00000012f5300000) (1024K)]
  0x00000168674962d0 JavaThread "Unconstrained build operations Thread 3"        [_thread_blocked, id=4812, stack(0x00000012f5300000,0x00000012f5400000) (1024K)]
  0x0000016867495c40 JavaThread "Unconstrained build operations Thread 4"        [_thread_blocked, id=7540, stack(0x00000012f5400000,0x00000012f5500000) (1024K)]
  0x0000016867494890 JavaThread "Unconstrained build operations Thread 5"        [_thread_blocked, id=14464, stack(0x00000012f5500000,0x00000012f5600000) (1024K)]
  0x00000168674955b0 JavaThread "Unconstrained build operations Thread 6"        [_thread_blocked, id=13792, stack(0x00000012f5600000,0x00000012f5700000) (1024K)]
  0x0000016867ad8430 JavaThread "Unconstrained build operations Thread 7"        [_thread_blocked, id=13172, stack(0x00000012f5700000,0x00000012f5800000) (1024K)]
  0x0000016867adb8b0 JavaThread "Unconstrained build operations Thread 8"        [_thread_blocked, id=11220, stack(0x00000012f5800000,0x00000012f5900000) (1024K)]
  0x0000016867adab90 JavaThread "Unconstrained build operations Thread 9"        [_thread_blocked, id=3648, stack(0x00000012f5900000,0x00000012f5a00000) (1024K)]
  0x0000016867ada500 JavaThread "Unconstrained build operations Thread 10"        [_thread_blocked, id=13996, stack(0x00000012f5a00000,0x00000012f5b00000) (1024K)]
  0x0000016867adbf40 JavaThread "Problems report writer"            [_thread_blocked, id=3976, stack(0x00000012f5b00000,0x00000012f5c00000) (1024K)]
Total: 48

Other Threads:
  0x000001685e087c00 VMThread "VM Thread"                           [id=10308, stack(0x00000012f2900000,0x00000012f2a00000) (1024K)]
  0x000001685e04ca00 WatcherThread "VM Periodic Task Thread"        [id=4444, stack(0x00000012f2800000,0x00000012f2900000) (1024K)]
  0x0000016847131830 WorkerThread "GC Thread#0"                     [id=5696, stack(0x00000012f2300000,0x00000012f2400000) (1024K)]
  0x000001685eb1e910 WorkerThread "GC Thread#1"                     [id=11844, stack(0x00000012f3500000,0x00000012f3600000) (1024K)]
  0x000001685eaaf5a0 WorkerThread "GC Thread#2"                     [id=2052, stack(0x00000012f3600000,0x00000012f3700000) (1024K)]
  0x000001685eaaf940 WorkerThread "GC Thread#3"                     [id=3588, stack(0x00000012f3700000,0x00000012f3800000) (1024K)]
  0x0000016847143560 ConcurrentGCThread "G1 Main Marker"            [id=14400, stack(0x00000012f2400000,0x00000012f2500000) (1024K)]
  0x0000016847143f70 WorkerThread "G1 Conc#0"                       [id=14960, stack(0x00000012f2500000,0x00000012f2600000) (1024K)]
  0x000001685df10460 ConcurrentGCThread "G1 Refine#0"               [id=10912, stack(0x00000012f2600000,0x00000012f2700000) (1024K)]
  0x000001685df10de0 ConcurrentGCThread "G1 Service"                [id=15284, stack(0x00000012f2700000,0x00000012f2800000) (1024K)]
Total: 10

Threads with active compile tasks:
C2 CompilerThread0  6104 6201   !   4       java.net.URLClassLoader::findClass (47 bytes)
Total: 1

VM state: not at safepoint (normal execution)

VM Mutex/Monitor currently owned by a thread: None

Heap address: 0x0000000080000000, size: 2048 MB, Compressed Oops mode: 32-bit

CDS archive(s) not mapped
Compressed class space mapped at: 0x0000000100000000-0x0000000140000000, reserved size: 1073741824
Narrow klass base: 0x0000000000000000, Narrow klass shift: 3, Narrow klass range: 0x140000000

GC Precious Log:
 CardTable entry size: 512
 Card Set container configuration: InlinePtr #cards 5 size 8 Array Of Cards #cards 12 size 40 Howl #buckets 4 coarsen threshold 1843 Howl Bitmap #cards 512 size 80 coarsen threshold 460 Card regions per heap region 1 cards per card region 2048
 CPUs: 4 total, 4 available
 Memory: 32711M
 Large Page Support: Disabled
 NUMA Support: Disabled
 Compressed Oops: Enabled (32-bit)
 Heap Region Size: 1M
 Heap Min Capacity: 8M
 Heap Initial Capacity: 512M
 Heap Max Capacity: 2G
 Pre-touch: Disabled
 Parallel Workers: 4
 Concurrent Workers: 1
 Concurrent Refinement Workers: 4
 Periodic GC: Disabled

Heap:
 garbage-first heap   total 215040K, used 109930K [0x0000000080000000, 0x0000000100000000)
  region size 1024K, 13 young (13312K), 2 survivors (2048K)
 Metaspace       used 68215K, committed 69952K, reserved 1114112K
  class space    used 9609K, committed 10432K, reserved 1048576K

Heap Regions: E=young(eden), S=young(survivor), O=old, HS=humongous(starts), HC=humongous(continues), CS=collection set, F=free, TAMS=top-at-mark-start, PB=parsable bottom
|   0|0x0000000080000000, 0x0000000080100000, 0x0000000080100000|100%|HS|  |TAMS 0x0000000080000000| PB 0x0000000080000000| Complete 
|   1|0x0000000080100000, 0x0000000080200000, 0x0000000080200000|100%|HC|  |TAMS 0x0000000080100000| PB 0x0000000080100000| Complete 
|   2|0x0000000080200000, 0x0000000080300000, 0x0000000080300000|100%|HC|  |TAMS 0x0000000080200000| PB 0x0000000080200000| Complete 
|   3|0x0000000080300000, 0x0000000080400000, 0x0000000080400000|100%| O|  |TAMS 0x0000000080300000| PB 0x0000000080300000| Untracked 
|   4|0x0000000080400000, 0x0000000080500000, 0x0000000080500000|100%| O|  |TAMS 0x0000000080400000| PB 0x0000000080400000| Untracked 
|   5|0x0000000080500000, 0x0000000080600000, 0x0000000080600000|100%| O|  |TAMS 0x0000000080500000| PB 0x0000000080500000| Untracked 
|   6|0x0000000080600000, 0x0000000080700000, 0x0000000080700000|100%| O|  |TAMS 0x0000000080600000| PB 0x0000000080600000| Untracked 
|   7|0x0000000080700000, 0x0000000080800000, 0x0000000080800000|100%| O|  |TAMS 0x0000000080700000| PB 0x0000000080700000| Untracked 
|   8|0x0000000080800000, 0x0000000080900000, 0x0000000080900000|100%| O|  |TAMS 0x0000000080800000| PB 0x0000000080800000| Untracked 
|   9|0x0000000080900000, 0x0000000080a00000, 0x0000000080a00000|100%| O|  |TAMS 0x0000000080900000| PB 0x0000000080900000| Untracked 
|  10|0x0000000080a00000, 0x0000000080b00000, 0x0000000080b00000|100%| O|  |TAMS 0x0000000080a00000| PB 0x0000000080a00000| Untracked 
|  11|0x0000000080b00000, 0x0000000080c00000, 0x0000000080c00000|100%|HS|  |TAMS 0x0000000080b00000| PB 0x0000000080b00000| Complete 
|  12|0x0000000080c00000, 0x0000000080d00000, 0x0000000080d00000|100%| O|  |TAMS 0x0000000080c00000| PB 0x0000000080c00000| Untracked 
|  13|0x0000000080d00000, 0x0000000080e00000, 0x0000000080e00000|100%| O|  |TAMS 0x0000000080d00000| PB 0x0000000080d00000| Untracked 
|  14|0x0000000080e00000, 0x0000000080f00000, 0x0000000080f00000|100%| O|  |TAMS 0x0000000080e00000| PB 0x0000000080e00000| Untracked 
|  15|0x0000000080f00000, 0x0000000081000000, 0x0000000081000000|100%| O|  |TAMS 0x0000000080f00000| PB 0x0000000080f00000| Untracked 
|  16|0x0000000081000000, 0x0000000081100000, 0x0000000081100000|100%| O|  |TAMS 0x0000000081000000| PB 0x0000000081000000| Untracked 
|  17|0x0000000081100000, 0x0000000081200000, 0x0000000081200000|100%| O|  |TAMS 0x0000000081100000| PB 0x0000000081100000| Untracked 
|  18|0x0000000081200000, 0x0000000081300000, 0x0000000081300000|100%| O|  |TAMS 0x0000000081200000| PB 0x0000000081200000| Untracked 
|  19|0x0000000081300000, 0x0000000081400000, 0x0000000081400000|100%|HS|  |TAMS 0x0000000081300000| PB 0x0000000081300000| Complete 
|  20|0x0000000081400000, 0x0000000081500000, 0x0000000081500000|100%| O|  |TAMS 0x0000000081400000| PB 0x0000000081400000| Untracked 
|  21|0x0000000081500000, 0x0000000081600000, 0x0000000081600000|100%| O|  |TAMS 0x0000000081500000| PB 0x0000000081500000| Untracked 
|  22|0x0000000081600000, 0x0000000081700000, 0x0000000081700000|100%|HS|  |TAMS 0x0000000081600000| PB 0x0000000081600000| Complete 
|  23|0x0000000081700000, 0x0000000081800000, 0x0000000081800000|100%|HC|  |TAMS 0x0000000081700000| PB 0x0000000081700000| Complete 
|  24|0x0000000081800000, 0x0000000081900000, 0x0000000081900000|100%|HC|  |TAMS 0x0000000081800000| PB 0x0000000081800000| Complete 
|  25|0x0000000081900000, 0x0000000081a00000, 0x0000000081a00000|100%|HC|  |TAMS 0x0000000081900000| PB 0x0000000081900000| Complete 
|  26|0x0000000081a00000, 0x0000000081b00000, 0x0000000081b00000|100%|HC|  |TAMS 0x0000000081a00000| PB 0x0000000081a00000| Complete 
|  27|0x0000000081b00000, 0x0000000081c00000, 0x0000000081c00000|100%|HC|  |TAMS 0x0000000081b00000| PB 0x0000000081b00000| Complete 
|  28|0x0000000081c00000, 0x0000000081d00000, 0x0000000081d00000|100%|HS|  |TAMS 0x0000000081c00000| PB 0x0000000081c00000| Complete 
|  29|0x0000000081d00000, 0x0000000081e00000, 0x0000000081e00000|100%|HS|  |TAMS 0x0000000081d00000| PB 0x0000000081d00000| Complete 
|  30|0x0000000081e00000, 0x0000000081f00000, 0x0000000081f00000|100%|HC|  |TAMS 0x0000000081e00000| PB 0x0000000081e00000| Complete 
|  31|0x0000000081f00000, 0x0000000082000000, 0x0000000082000000|100%|HS|  |TAMS 0x0000000081f00000| PB 0x0000000081f00000| Complete 
|  32|0x0000000082000000, 0x0000000082100000, 0x0000000082100000|100%|HC|  |TAMS 0x0000000082000000| PB 0x0000000082000000| Complete 
|  33|0x0000000082100000, 0x0000000082200000, 0x0000000082200000|100%|HC|  |TAMS 0x0000000082100000| PB 0x0000000082100000| Complete 
|  34|0x0000000082200000, 0x0000000082300000, 0x0000000082300000|100%|HC|  |TAMS 0x0000000082200000| PB 0x0000000082200000| Complete 
|  35|0x0000000082300000, 0x0000000082400000, 0x0000000082400000|100%|HS|  |TAMS 0x0000000082300000| PB 0x0000000082300000| Complete 
|  36|0x0000000082400000, 0x0000000082500000, 0x0000000082500000|100%|HS|  |TAMS 0x0000000082400000| PB 0x0000000082400000| Complete 
|  37|0x0000000082500000, 0x0000000082600000, 0x0000000082600000|100%|HC|  |TAMS 0x0000000082500000| PB 0x0000000082500000| Complete 
|  38|0x0000000082600000, 0x0000000082700000, 0x0000000082700000|100%|HC|  |TAMS 0x0000000082600000| PB 0x0000000082600000| Complete 
|  39|0x0000000082700000, 0x0000000082800000, 0x0000000082800000|100%|HC|  |TAMS 0x0000000082700000| PB 0x0000000082700000| Complete 
|  40|0x0000000082800000, 0x0000000082900000, 0x0000000082900000|100%|HC|  |TAMS 0x0000000082800000| PB 0x0000000082800000| Complete 
|  41|0x0000000082900000, 0x0000000082a00000, 0x0000000082a00000|100%|HC|  |TAMS 0x0000000082900000| PB 0x0000000082900000| Complete 
|  42|0x0000000082a00000, 0x0000000082b00000, 0x0000000082b00000|100%| O|  |TAMS 0x0000000082a00000| PB 0x0000000082a00000| Untracked 
|  43|0x0000000082b00000, 0x0000000082c00000, 0x0000000082c00000|100%| O|  |TAMS 0x0000000082b00000| PB 0x0000000082b00000| Untracked 
|  44|0x0000000082c00000, 0x0000000082d00000, 0x0000000082d00000|100%| O|  |TAMS 0x0000000082c00000| PB 0x0000000082c00000| Untracked 
|  45|0x0000000082d00000, 0x0000000082e00000, 0x0000000082e00000|100%| O|  |TAMS 0x0000000082d00000| PB 0x0000000082d00000| Untracked 
|  46|0x0000000082e00000, 0x0000000082f00000, 0x0000000082f00000|100%| O|  |TAMS 0x0000000082e00000| PB 0x0000000082e00000| Untracked 
|  47|0x0000000082f00000, 0x0000000083000000, 0x0000000083000000|100%|HS|  |TAMS 0x0000000082f00000| PB 0x0000000082f00000| Complete 
|  48|0x0000000083000000, 0x0000000083100000, 0x0000000083100000|100%|HS|  |TAMS 0x0000000083000000| PB 0x0000000083000000| Complete 
|  49|0x0000000083100000, 0x0000000083200000, 0x0000000083200000|100%|HC|  |TAMS 0x0000000083100000| PB 0x0000000083100000| Complete 
|  50|0x0000000083200000, 0x0000000083300000, 0x0000000083300000|100%|HS|  |TAMS 0x0000000083200000| PB 0x0000000083200000| Complete 
|  51|0x0000000083300000, 0x0000000083400000, 0x0000000083400000|100%|HC|  |TAMS 0x0000000083300000| PB 0x0000000083300000| Complete 
|  52|0x0000000083400000, 0x0000000083500000, 0x0000000083500000|100%|HC|  |TAMS 0x0000000083400000| PB 0x0000000083400000| Complete 
|  53|0x0000000083500000, 0x0000000083600000, 0x0000000083600000|100%|HC|  |TAMS 0x0000000083500000| PB 0x0000000083500000| Complete 
|  54|0x0000000083600000, 0x0000000083700000, 0x0000000083700000|100%| O|  |TAMS 0x0000000083600000| PB 0x0000000083600000| Untracked 
|  55|0x0000000083700000, 0x0000000083800000, 0x0000000083800000|100%|HS|  |TAMS 0x0000000083700000| PB 0x0000000083700000| Complete 
|  56|0x0000000083800000, 0x0000000083900000, 0x0000000083900000|100%|HC|  |TAMS 0x0000000083800000| PB 0x0000000083800000| Complete 
|  57|0x0000000083900000, 0x0000000083a00000, 0x0000000083a00000|100%|HS|  |TAMS 0x0000000083900000| PB 0x0000000083900000| Complete 
|  58|0x0000000083a00000, 0x0000000083b00000, 0x0000000083b00000|100%| O|  |TAMS 0x0000000083a00000| PB 0x0000000083a00000| Untracked 
|  59|0x0000000083b00000, 0x0000000083c00000, 0x0000000083c00000|100%|HS|  |TAMS 0x0000000083b00000| PB 0x0000000083b00000| Complete 
|  60|0x0000000083c00000, 0x0000000083d00000, 0x0000000083d00000|100%|HS|  |TAMS 0x0000000083c00000| PB 0x0000000083c00000| Complete 
|  61|0x0000000083d00000, 0x0000000083e00000, 0x0000000083e00000|100%|HC|  |TAMS 0x0000000083d00000| PB 0x0000000083d00000| Complete 
|  62|0x0000000083e00000, 0x0000000083f00000, 0x0000000083f00000|100%|HC|  |TAMS 0x0000000083e00000| PB 0x0000000083e00000| Complete 
|  63|0x0000000083f00000, 0x0000000084000000, 0x0000000084000000|100%|HC|  |TAMS 0x0000000083f00000| PB 0x0000000083f00000| Complete 
|  64|0x0000000084000000, 0x0000000084100000, 0x0000000084100000|100%|HC|  |TAMS 0x0000000084000000| PB 0x0000000084000000| Complete 
|  65|0x0000000084100000, 0x0000000084200000, 0x0000000084200000|100%|HC|  |TAMS 0x0000000084100000| PB 0x0000000084100000| Complete 
|  66|0x0000000084200000, 0x0000000084300000, 0x0000000084300000|100%| O|  |TAMS 0x0000000084200000| PB 0x0000000084200000| Untracked 
|  67|0x0000000084300000, 0x0000000084400000, 0x0000000084400000|100%| O|  |TAMS 0x0000000084300000| PB 0x0000000084300000| Untracked 
|  68|0x0000000084400000, 0x0000000084500000, 0x0000000084500000|100%| O|  |TAMS 0x0000000084400000| PB 0x0000000084400000| Untracked 
|  69|0x0000000084500000, 0x0000000084600000, 0x0000000084600000|100%| O|  |TAMS 0x0000000084500000| PB 0x0000000084500000| Untracked 
|  70|0x0000000084600000, 0x0000000084700000, 0x0000000084700000|100%| O|  |TAMS 0x0000000084600000| PB 0x0000000084600000| Untracked 
|  71|0x0000000084700000, 0x0000000084800000, 0x0000000084800000|100%| O|  |TAMS 0x0000000084700000| PB 0x0000000084700000| Untracked 
|  72|0x0000000084800000, 0x0000000084900000, 0x0000000084900000|100%| O|  |TAMS 0x0000000084800000| PB 0x0000000084800000| Untracked 
|  73|0x0000000084900000, 0x0000000084a00000, 0x0000000084a00000|100%| O|  |TAMS 0x0000000084900000| PB 0x0000000084900000| Untracked 
|  74|0x0000000084a00000, 0x0000000084b00000, 0x0000000084b00000|100%| O|  |TAMS 0x0000000084a00000| PB 0x0000000084a00000| Untracked 
|  75|0x0000000084b00000, 0x0000000084c00000, 0x0000000084c00000|100%| O|  |TAMS 0x0000000084b00000| PB 0x0000000084b00000| Untracked 
|  76|0x0000000084c00000, 0x0000000084c80000, 0x0000000084d00000| 50%| O|  |TAMS 0x0000000084c00000| PB 0x0000000084c00000| Untracked 
|  77|0x0000000084d00000, 0x0000000084d00000, 0x0000000084e00000|  0%| F|  |TAMS 0x0000000084d00000| PB 0x0000000084d00000| Untracked 
|  78|0x0000000084e00000, 0x0000000084e00000, 0x0000000084f00000|  0%| F|  |TAMS 0x0000000084e00000| PB 0x0000000084e00000| Untracked 
|  79|0x0000000084f00000, 0x0000000084f00000, 0x0000000085000000|  0%| F|  |TAMS 0x0000000084f00000| PB 0x0000000084f00000| Untracked 
|  80|0x0000000085000000, 0x0000000085100000, 0x0000000085100000|100%|HS|  |TAMS 0x0000000085000000| PB 0x0000000085000000| Complete 
|  81|0x0000000085100000, 0x0000000085200000, 0x0000000085200000|100%|HC|  |TAMS 0x0000000085100000| PB 0x0000000085100000| Complete 
|  82|0x0000000085200000, 0x0000000085300000, 0x0000000085300000|100%|HC|  |TAMS 0x0000000085200000| PB 0x0000000085200000| Complete 
|  83|0x0000000085300000, 0x0000000085400000, 0x0000000085400000|100%|HC|  |TAMS 0x0000000085300000| PB 0x0000000085300000| Complete 
|  84|0x0000000085400000, 0x0000000085500000, 0x0000000085500000|100%|HC|  |TAMS 0x0000000085400000| PB 0x0000000085400000| Complete 
|  85|0x0000000085500000, 0x0000000085600000, 0x0000000085600000|100%|HC|  |TAMS 0x0000000085500000| PB 0x0000000085500000| Complete 
|  86|0x0000000085600000, 0x0000000085700000, 0x0000000085700000|100%| O|  |TAMS 0x0000000085600000| PB 0x0000000085600000| Untracked 
|  87|0x0000000085700000, 0x0000000085800000, 0x0000000085800000|100%| O|  |TAMS 0x0000000085700000| PB 0x0000000085700000| Untracked 
|  88|0x0000000085800000, 0x0000000085900000, 0x0000000085900000|100%| O|  |TAMS 0x0000000085800000| PB 0x0000000085800000| Untracked 
|  89|0x0000000085900000, 0x0000000085a00000, 0x0000000085a00000|100%| O|  |TAMS 0x0000000085900000| PB 0x0000000085900000| Untracked 
|  90|0x0000000085a00000, 0x0000000085b00000, 0x0000000085b00000|100%| O|  |TAMS 0x0000000085a00000| PB 0x0000000085a00000| Untracked 
|  91|0x0000000085b00000, 0x0000000085c00000, 0x0000000085c00000|100%| O|  |TAMS 0x0000000085b00000| PB 0x0000000085b00000| Untracked 
|  92|0x0000000085c00000, 0x0000000085d00000, 0x0000000085d00000|100%| O|  |TAMS 0x0000000085c00000| PB 0x0000000085c00000| Untracked 
|  93|0x0000000085d00000, 0x0000000085d00000, 0x0000000085e00000|  0%| F|  |TAMS 0x0000000085d00000| PB 0x0000000085d00000| Untracked 
|  94|0x0000000085e00000, 0x0000000085e00000, 0x0000000085f00000|  0%| F|  |TAMS 0x0000000085e00000| PB 0x0000000085e00000| Untracked 
|  95|0x0000000085f00000, 0x0000000085f00000, 0x0000000086000000|  0%| F|  |TAMS 0x0000000085f00000| PB 0x0000000085f00000| Untracked 
|  96|0x0000000086000000, 0x0000000086000000, 0x0000000086100000|  0%| F|  |TAMS 0x0000000086000000| PB 0x0000000086000000| Untracked 
|  97|0x0000000086100000, 0x0000000086100000, 0x0000000086200000|  0%| F|  |TAMS 0x0000000086100000| PB 0x0000000086100000| Untracked 
|  98|0x0000000086200000, 0x0000000086200000, 0x0000000086300000|  0%| F|  |TAMS 0x0000000086200000| PB 0x0000000086200000| Untracked 
|  99|0x0000000086300000, 0x0000000086300000, 0x0000000086400000|  0%| F|  |TAMS 0x0000000086300000| PB 0x0000000086300000| Untracked 
| 100|0x0000000086400000, 0x0000000086400000, 0x0000000086500000|  0%| F|  |TAMS 0x0000000086400000| PB 0x0000000086400000| Untracked 
| 101|0x0000000086500000, 0x0000000086500000, 0x0000000086600000|  0%| F|  |TAMS 0x0000000086500000| PB 0x0000000086500000| Untracked 
| 102|0x0000000086600000, 0x0000000086600000, 0x0000000086700000|  0%| F|  |TAMS 0x0000000086600000| PB 0x0000000086600000| Untracked 
| 103|0x0000000086700000, 0x0000000086700000, 0x0000000086800000|  0%| F|  |TAMS 0x0000000086700000| PB 0x0000000086700000| Untracked 
| 104|0x0000000086800000, 0x0000000086800000, 0x0000000086900000|  0%| F|  |TAMS 0x0000000086800000| PB 0x0000000086800000| Untracked 
| 105|0x0000000086900000, 0x0000000086900000, 0x0000000086a00000|  0%| F|  |TAMS 0x0000000086900000| PB 0x0000000086900000| Untracked 
| 106|0x0000000086a00000, 0x0000000086a00000, 0x0000000086b00000|  0%| F|  |TAMS 0x0000000086a00000| PB 0x0000000086a00000| Untracked 
| 107|0x0000000086b00000, 0x0000000086b00000, 0x0000000086c00000|  0%| F|  |TAMS 0x0000000086b00000| PB 0x0000000086b00000| Untracked 
| 108|0x0000000086c00000, 0x0000000086c00000, 0x0000000086d00000|  0%| F|  |TAMS 0x0000000086c00000| PB 0x0000000086c00000| Untracked 
| 109|0x0000000086d00000, 0x0000000086d00000, 0x0000000086e00000|  0%| F|  |TAMS 0x0000000086d00000| PB 0x0000000086d00000| Untracked 
| 110|0x0000000086e00000, 0x0000000086e00000, 0x0000000086f00000|  0%| F|  |TAMS 0x0000000086e00000| PB 0x0000000086e00000| Untracked 
| 111|0x0000000086f00000, 0x0000000086f00000, 0x0000000087000000|  0%| F|  |TAMS 0x0000000086f00000| PB 0x0000000086f00000| Untracked 
| 112|0x0000000087000000, 0x0000000087000000, 0x0000000087100000|  0%| F|  |TAMS 0x0000000087000000| PB 0x0000000087000000| Untracked 
| 113|0x0000000087100000, 0x0000000087100000, 0x0000000087200000|  0%| F|  |TAMS 0x0000000087100000| PB 0x0000000087100000| Untracked 
| 114|0x0000000087200000, 0x0000000087200000, 0x0000000087300000|  0%| F|  |TAMS 0x0000000087200000| PB 0x0000000087200000| Untracked 
| 115|0x0000000087300000, 0x0000000087300000, 0x0000000087400000|  0%| F|  |TAMS 0x0000000087300000| PB 0x0000000087300000| Untracked 
| 116|0x0000000087400000, 0x0000000087400000, 0x0000000087500000|  0%| F|  |TAMS 0x0000000087400000| PB 0x0000000087400000| Untracked 
| 117|0x0000000087500000, 0x0000000087500000, 0x0000000087600000|  0%| F|  |TAMS 0x0000000087500000| PB 0x0000000087500000| Untracked 
| 118|0x0000000087600000, 0x0000000087600000, 0x0000000087700000|  0%| F|  |TAMS 0x0000000087600000| PB 0x0000000087600000| Untracked 
| 119|0x0000000087700000, 0x0000000087700000, 0x0000000087800000|  0%| F|  |TAMS 0x0000000087700000| PB 0x0000000087700000| Untracked 
| 120|0x0000000087800000, 0x0000000087800000, 0x0000000087900000|  0%| F|  |TAMS 0x0000000087800000| PB 0x0000000087800000| Untracked 
| 121|0x0000000087900000, 0x0000000087900000, 0x0000000087a00000|  0%| F|  |TAMS 0x0000000087900000| PB 0x0000000087900000| Untracked 
| 122|0x0000000087a00000, 0x0000000087a00000, 0x0000000087b00000|  0%| F|  |TAMS 0x0000000087a00000| PB 0x0000000087a00000| Untracked 
| 123|0x0000000087b00000, 0x0000000087b00000, 0x0000000087c00000|  0%| F|  |TAMS 0x0000000087b00000| PB 0x0000000087b00000| Untracked 
| 124|0x0000000087c00000, 0x0000000087c00000, 0x0000000087d00000|  0%| F|  |TAMS 0x0000000087c00000| PB 0x0000000087c00000| Untracked 
| 125|0x0000000087d00000, 0x0000000087d00000, 0x0000000087e00000|  0%| F|  |TAMS 0x0000000087d00000| PB 0x0000000087d00000| Untracked 
| 126|0x0000000087e00000, 0x0000000087e00000, 0x0000000087f00000|  0%| F|  |TAMS 0x0000000087e00000| PB 0x0000000087e00000| Untracked 
| 127|0x0000000087f00000, 0x0000000087f00000, 0x0000000088000000|  0%| F|  |TAMS 0x0000000087f00000| PB 0x0000000087f00000| Untracked 
| 128|0x0000000088000000, 0x0000000088000000, 0x0000000088100000|  0%| F|  |TAMS 0x0000000088000000| PB 0x0000000088000000| Untracked 
| 129|0x0000000088100000, 0x0000000088100000, 0x0000000088200000|  0%| F|  |TAMS 0x0000000088100000| PB 0x0000000088100000| Untracked 
| 130|0x0000000088200000, 0x0000000088200000, 0x0000000088300000|  0%| F|  |TAMS 0x0000000088200000| PB 0x0000000088200000| Untracked 
| 131|0x0000000088300000, 0x0000000088300000, 0x0000000088400000|  0%| F|  |TAMS 0x0000000088300000| PB 0x0000000088300000| Untracked 
| 132|0x0000000088400000, 0x0000000088400000, 0x0000000088500000|  0%| F|  |TAMS 0x0000000088400000| PB 0x0000000088400000| Untracked 
| 133|0x0000000088500000, 0x0000000088500000, 0x0000000088600000|  0%| F|  |TAMS 0x0000000088500000| PB 0x0000000088500000| Untracked 
| 134|0x0000000088600000, 0x0000000088600000, 0x0000000088700000|  0%| F|  |TAMS 0x0000000088600000| PB 0x0000000088600000| Untracked 
| 135|0x0000000088700000, 0x0000000088700000, 0x0000000088800000|  0%| F|  |TAMS 0x0000000088700000| PB 0x0000000088700000| Untracked 
| 136|0x0000000088800000, 0x0000000088800000, 0x0000000088900000|  0%| F|  |TAMS 0x0000000088800000| PB 0x0000000088800000| Untracked 
| 137|0x0000000088900000, 0x0000000088900000, 0x0000000088a00000|  0%| F|  |TAMS 0x0000000088900000| PB 0x0000000088900000| Untracked 
| 138|0x0000000088a00000, 0x0000000088a00000, 0x0000000088b00000|  0%| F|  |TAMS 0x0000000088a00000| PB 0x0000000088a00000| Untracked 
| 139|0x0000000088b00000, 0x0000000088b00000, 0x0000000088c00000|  0%| F|  |TAMS 0x0000000088b00000| PB 0x0000000088b00000| Untracked 
| 140|0x0000000088c00000, 0x0000000088c00000, 0x0000000088d00000|  0%| F|  |TAMS 0x0000000088c00000| PB 0x0000000088c00000| Untracked 
| 141|0x0000000088d00000, 0x0000000088d00000, 0x0000000088e00000|  0%| F|  |TAMS 0x0000000088d00000| PB 0x0000000088d00000| Untracked 
| 142|0x0000000088e00000, 0x0000000088e00000, 0x0000000088f00000|  0%| F|  |TAMS 0x0000000088e00000| PB 0x0000000088e00000| Untracked 
| 143|0x0000000088f00000, 0x0000000088f00000, 0x0000000089000000|  0%| F|  |TAMS 0x0000000088f00000| PB 0x0000000088f00000| Untracked 
| 144|0x0000000089000000, 0x0000000089000000, 0x0000000089100000|  0%| F|  |TAMS 0x0000000089000000| PB 0x0000000089000000| Untracked 
| 145|0x0000000089100000, 0x0000000089100000, 0x0000000089200000|  0%| F|  |TAMS 0x0000000089100000| PB 0x0000000089100000| Untracked 
| 146|0x0000000089200000, 0x0000000089200000, 0x0000000089300000|  0%| F|  |TAMS 0x0000000089200000| PB 0x0000000089200000| Untracked 
| 147|0x0000000089300000, 0x0000000089300000, 0x0000000089400000|  0%| F|  |TAMS 0x0000000089300000| PB 0x0000000089300000| Untracked 
| 148|0x0000000089400000, 0x0000000089400000, 0x0000000089500000|  0%| F|  |TAMS 0x0000000089400000| PB 0x0000000089400000| Untracked 
| 149|0x0000000089500000, 0x0000000089500000, 0x0000000089600000|  0%| F|  |TAMS 0x0000000089500000| PB 0x0000000089500000| Untracked 
| 150|0x0000000089600000, 0x0000000089600000, 0x0000000089700000|  0%| F|  |TAMS 0x0000000089600000| PB 0x0000000089600000| Untracked 
| 151|0x0000000089700000, 0x0000000089700000, 0x0000000089800000|  0%| F|  |TAMS 0x0000000089700000| PB 0x0000000089700000| Untracked 
| 152|0x0000000089800000, 0x0000000089800000, 0x0000000089900000|  0%| F|  |TAMS 0x0000000089800000| PB 0x0000000089800000| Untracked 
| 153|0x0000000089900000, 0x0000000089900000, 0x0000000089a00000|  0%| F|  |TAMS 0x0000000089900000| PB 0x0000000089900000| Untracked 
| 154|0x0000000089a00000, 0x0000000089a00000, 0x0000000089b00000|  0%| F|  |TAMS 0x0000000089a00000| PB 0x0000000089a00000| Untracked 
| 155|0x0000000089b00000, 0x0000000089b00000, 0x0000000089c00000|  0%| F|  |TAMS 0x0000000089b00000| PB 0x0000000089b00000| Untracked 
| 156|0x0000000089c00000, 0x0000000089c00000, 0x0000000089d00000|  0%| F|  |TAMS 0x0000000089c00000| PB 0x0000000089c00000| Untracked 
| 157|0x0000000089d00000, 0x0000000089d00000, 0x0000000089e00000|  0%| F|  |TAMS 0x0000000089d00000| PB 0x0000000089d00000| Untracked 
| 158|0x0000000089e00000, 0x0000000089e00000, 0x0000000089f00000|  0%| F|  |TAMS 0x0000000089e00000| PB 0x0000000089e00000| Untracked 
| 159|0x0000000089f00000, 0x0000000089f00000, 0x000000008a000000|  0%| F|  |TAMS 0x0000000089f00000| PB 0x0000000089f00000| Untracked 
| 160|0x000000008a000000, 0x000000008a000000, 0x000000008a100000|  0%| F|  |TAMS 0x000000008a000000| PB 0x000000008a000000| Untracked 
| 161|0x000000008a100000, 0x000000008a100000, 0x000000008a200000|  0%| F|  |TAMS 0x000000008a100000| PB 0x000000008a100000| Untracked 
| 162|0x000000008a200000, 0x000000008a200000, 0x000000008a300000|  0%| F|  |TAMS 0x000000008a200000| PB 0x000000008a200000| Untracked 
| 163|0x000000008a300000, 0x000000008a300000, 0x000000008a400000|  0%| F|  |TAMS 0x000000008a300000| PB 0x000000008a300000| Untracked 
| 164|0x000000008a400000, 0x000000008a400000, 0x000000008a500000|  0%| F|  |TAMS 0x000000008a400000| PB 0x000000008a400000| Untracked 
| 165|0x000000008a500000, 0x000000008a500000, 0x000000008a600000|  0%| F|  |TAMS 0x000000008a500000| PB 0x000000008a500000| Untracked 
| 166|0x000000008a600000, 0x000000008a600000, 0x000000008a700000|  0%| F|  |TAMS 0x000000008a600000| PB 0x000000008a600000| Untracked 
| 167|0x000000008a700000, 0x000000008a700000, 0x000000008a800000|  0%| F|  |TAMS 0x000000008a700000| PB 0x000000008a700000| Untracked 
| 168|0x000000008a800000, 0x000000008a800000, 0x000000008a900000|  0%| F|  |TAMS 0x000000008a800000| PB 0x000000008a800000| Untracked 
| 169|0x000000008a900000, 0x000000008a9daa30, 0x000000008aa00000| 85%| S|CS|TAMS 0x000000008a900000| PB 0x000000008a900000| Complete 
| 170|0x000000008aa00000, 0x000000008ab00000, 0x000000008ab00000|100%| S|CS|TAMS 0x000000008aa00000| PB 0x000000008aa00000| Complete 
| 171|0x000000008ab00000, 0x000000008ab00000, 0x000000008ac00000|  0%| F|  |TAMS 0x000000008ab00000| PB 0x000000008ab00000| Untracked 
| 172|0x000000008ac00000, 0x000000008ac00000, 0x000000008ad00000|  0%| F|  |TAMS 0x000000008ac00000| PB 0x000000008ac00000| Untracked 
| 173|0x000000008ad00000, 0x000000008ad00000, 0x000000008ae00000|  0%| F|  |TAMS 0x000000008ad00000| PB 0x000000008ad00000| Untracked 
| 174|0x000000008ae00000, 0x000000008ae00000, 0x000000008af00000|  0%| F|  |TAMS 0x000000008ae00000| PB 0x000000008ae00000| Untracked 
| 175|0x000000008af00000, 0x000000008af00000, 0x000000008b000000|  0%| F|  |TAMS 0x000000008af00000| PB 0x000000008af00000| Untracked 
| 176|0x000000008b000000, 0x000000008b000000, 0x000000008b100000|  0%| F|  |TAMS 0x000000008b000000| PB 0x000000008b000000| Untracked 
| 177|0x000000008b100000, 0x000000008b100000, 0x000000008b200000|  0%| F|  |TAMS 0x000000008b100000| PB 0x000000008b100000| Untracked 
| 178|0x000000008b200000, 0x000000008b200000, 0x000000008b300000|  0%| F|  |TAMS 0x000000008b200000| PB 0x000000008b200000| Untracked 
| 179|0x000000008b300000, 0x000000008b300000, 0x000000008b400000|  0%| F|  |TAMS 0x000000008b300000| PB 0x000000008b300000| Untracked 
| 180|0x000000008b400000, 0x000000008b400000, 0x000000008b500000|  0%| F|  |TAMS 0x000000008b400000| PB 0x000000008b400000| Untracked 
| 181|0x000000008b500000, 0x000000008b500000, 0x000000008b600000|  0%| F|  |TAMS 0x000000008b500000| PB 0x000000008b500000| Untracked 
| 182|0x000000008b600000, 0x000000008b600000, 0x000000008b700000|  0%| F|  |TAMS 0x000000008b600000| PB 0x000000008b600000| Untracked 
| 183|0x000000008b700000, 0x000000008b700000, 0x000000008b800000|  0%| F|  |TAMS 0x000000008b700000| PB 0x000000008b700000| Untracked 
| 184|0x000000008b800000, 0x000000008b800000, 0x000000008b900000|  0%| F|  |TAMS 0x000000008b800000| PB 0x000000008b800000| Untracked 
| 185|0x000000008b900000, 0x000000008b900000, 0x000000008ba00000|  0%| F|  |TAMS 0x000000008b900000| PB 0x000000008b900000| Untracked 
| 186|0x000000008ba00000, 0x000000008ba00000, 0x000000008bb00000|  0%| F|  |TAMS 0x000000008ba00000| PB 0x000000008ba00000| Untracked 
| 187|0x000000008bb00000, 0x000000008bb00000, 0x000000008bc00000|  0%| F|  |TAMS 0x000000008bb00000| PB 0x000000008bb00000| Untracked 
| 188|0x000000008bc00000, 0x000000008bc00000, 0x000000008bd00000|  0%| F|  |TAMS 0x000000008bc00000| PB 0x000000008bc00000| Untracked 
| 189|0x000000008bd00000, 0x000000008bd00000, 0x000000008be00000|  0%| F|  |TAMS 0x000000008bd00000| PB 0x000000008bd00000| Untracked 
| 190|0x000000008be00000, 0x000000008be00000, 0x000000008bf00000|  0%| F|  |TAMS 0x000000008be00000| PB 0x000000008be00000| Untracked 
| 191|0x000000008bf00000, 0x000000008bf00000, 0x000000008c000000|  0%| F|  |TAMS 0x000000008bf00000| PB 0x000000008bf00000| Untracked 
| 192|0x000000008c000000, 0x000000008c0877b0, 0x000000008c100000| 52%| E|  |TAMS 0x000000008c000000| PB 0x000000008c000000| Complete 
| 193|0x000000008c100000, 0x000000008c200000, 0x000000008c200000|100%| E|CS|TAMS 0x000000008c100000| PB 0x000000008c100000| Complete 
| 194|0x000000008c200000, 0x000000008c300000, 0x000000008c300000|100%| E|CS|TAMS 0x000000008c200000| PB 0x000000008c200000| Complete 
| 195|0x000000008c300000, 0x000000008c400000, 0x000000008c400000|100%| E|CS|TAMS 0x000000008c300000| PB 0x000000008c300000| Complete 
| 196|0x000000008c400000, 0x000000008c500000, 0x000000008c500000|100%| E|CS|TAMS 0x000000008c400000| PB 0x000000008c400000| Complete 
| 197|0x000000008c500000, 0x000000008c600000, 0x000000008c600000|100%| E|CS|TAMS 0x000000008c500000| PB 0x000000008c500000| Complete 
| 198|0x000000008c600000, 0x000000008c700000, 0x000000008c700000|100%| E|CS|TAMS 0x000000008c600000| PB 0x000000008c600000| Complete 
| 199|0x000000008c700000, 0x000000008c800000, 0x000000008c800000|100%| E|CS|TAMS 0x000000008c700000| PB 0x000000008c700000| Complete 
| 200|0x000000008c800000, 0x000000008c900000, 0x000000008c900000|100%| E|CS|TAMS 0x000000008c800000| PB 0x000000008c800000| Complete 
| 201|0x000000008c900000, 0x000000008ca00000, 0x000000008ca00000|100%| E|CS|TAMS 0x000000008c900000| PB 0x000000008c900000| Complete 
| 510|0x000000009fe00000, 0x000000009ff00000, 0x000000009ff00000|100%| E|CS|TAMS 0x000000009fe00000| PB 0x000000009fe00000| Complete 
| 511|0x000000009ff00000, 0x00000000a0000000, 0x00000000a0000000|100%| E|CS|TAMS 0x000000009ff00000| PB 0x000000009ff00000| Complete 
|2042|0x00000000ffa00000, 0x00000000ffb00000, 0x00000000ffb00000|100%| O|Cm|TAMS 0x00000000ffa00000| PB 0x00000000ffa00000| Complete 
|2043|0x00000000ffb00000, 0x00000000ffc00000, 0x00000000ffc00000|100%| O|  |TAMS 0x00000000ffb00000| PB 0x00000000ffb00000| Untracked 
|2044|0x00000000ffc00000, 0x00000000ffd00000, 0x00000000ffd00000|100%| O|  |TAMS 0x00000000ffc00000| PB 0x00000000ffc00000| Untracked 
|2045|0x00000000ffd00000, 0x00000000ffe00000, 0x00000000ffe00000|100%| O|  |TAMS 0x00000000ffd00000| PB 0x00000000ffd00000| Untracked 
|2046|0x00000000ffe00000, 0x00000000fff00000, 0x00000000fff00000|100%| O|  |TAMS 0x00000000ffe00000| PB 0x00000000ffe00000| Untracked 
|2047|0x00000000fff00000, 0x0000000100000000, 0x0000000100000000|100%| O|  |TAMS 0x00000000fff00000| PB 0x00000000fff00000| Untracked 

Card table byte_map: [0x0000016859630000,0x0000016859a30000] _byte_map_base: 0x0000016859230000

Marking Bits: (CMBitMap*) 0x0000016847131e40
 Bits: [0x0000016859a30000, 0x000001685ba30000)

Polling page: 0x0000016844ed0000

Metaspace:

Usage:
  Non-class:     57.32 MB used.
      Class:      9.39 MB used.
       Both:     66.71 MB used.

Virtual space:
  Non-class space:       64.00 MB reserved,      58.25 MB ( 91%) committed,  1 nodes.
      Class space:        1.00 GB reserved,      10.25 MB (  1%) committed,  1 nodes.
             Both:        1.06 GB reserved,      68.50 MB (  6%) committed. 

Chunk freelists:
   Non-Class:  5.61 MB
       Class:  5.61 MB
        Both:  11.22 MB

MaxMetaspaceSize: unlimited
CompressedClassSpaceSize: 1.00 GB
Initial GC threshold: 21.00 MB
Current GC threshold: 112.75 MB
CDS: off
 - commit_granule_bytes: 65536.
 - commit_granule_words: 8192.
 - virtual_space_node_default_size: 8388608.
 - enlarge_chunks_in_place: 1.
 - use_allocation_guard: 0.


Internal statistics:

num_allocs_failed_limit: 9.
num_arena_births: 3278.
num_arena_deaths: 0.
num_vsnodes_births: 2.
num_vsnodes_deaths: 0.
num_space_committed: 1096.
num_space_uncommitted: 0.
num_chunks_returned_to_freelist: 9.
num_chunks_taken_from_freelist: 6137.
num_chunk_merges: 6.
num_chunk_splits: 3949.
num_chunks_enlarged: 2371.
num_inconsistent_stats: 0.

CodeHeap 'non-profiled nmethods': size=120000Kb used=3376Kb max_used=3649Kb free=116623Kb
 bounds [0x0000016851d00000, 0x00000168520a0000, 0x0000016859230000]
CodeHeap 'profiled nmethods': size=120000Kb used=11341Kb max_used=11467Kb free=108658Kb
 bounds [0x000001684a230000, 0x000001684ad70000, 0x0000016851760000]
CodeHeap 'non-nmethods': size=5760Kb used=2719Kb max_used=2780Kb free=3040Kb
 bounds [0x0000016851760000, 0x0000016851a20000, 0x0000016851d00000]
CodeCache: size=245760Kb, used=17436Kb, max_used=17896Kb, free=228321Kb
 total_blobs=6653, nmethods=5782, adapters=775, full_count=0
Compilation: enabled, stopped_count=0, restarted_count=0

Compilation events (20 events):
Event: 5.935 Thread 0x000001685e615b30 6300       4       org.objectweb.asm.ClassReader::readInt (52 bytes)
Event: 5.936 Thread 0x000001685e615b30 nmethod 6300 0x000001685208c290 code [0x000001685208c420, 0x000001685208c548]
Event: 5.936 Thread 0x000001685e615b30 6277       4       org.gradle.internal.reflect.PropertyAccessorType::takesSingleParameter (14 bytes)
Event: 5.936 Thread 0x000001685e615b30 nmethod 6277 0x000001685208c610 code [0x000001685208c7a0, 0x000001685208c840]
Event: 5.941 Thread 0x000001685e1673b0 6317       3       java.net.URI$Parser::scan (76 bytes)
Event: 5.941 Thread 0x000001685e615b30 6320       4       java.net.URI$Parser::scan (53 bytes)
Event: 5.941 Thread 0x000001685e1673b0 nmethod 6317 0x000001684ad47990 code [0x000001684ad47bc0, 0x000001684ad48430]
Event: 5.941 Thread 0x000001685e1673b0 6319       3       java.net.URI$Parser::scan (41 bytes)
Event: 5.942 Thread 0x000001685e1673b0 nmethod 6319 0x000001684ad48890 code [0x000001684ad48ac0, 0x000001684ad49200]
Event: 5.942 Thread 0x000001685e1673b0 6318       3       java.net.URI::match (56 bytes)
Event: 5.942 Thread 0x000001685e1673b0 nmethod 6318 0x000001684ad49590 code [0x000001684ad49740, 0x000001684ad49a10]
Event: 5.942 Thread 0x000001685e1673b0 6322       3       java.util.concurrent.atomic.AtomicBoolean::<init> (5 bytes)
Event: 5.942 Thread 0x000001685e1673b0 nmethod 6322 0x000001684ad49a90 code [0x000001684ad49c40, 0x000001684ad49da8]
Event: 5.942 Thread 0x000001685e1673b0 6323       3       org.gradle.internal.deprecation.DeprecationLogger::disable (24 bytes)
Event: 5.943 Thread 0x000001685e1673b0 nmethod 6323 0x000001684ad49e90 code [0x000001684ad4a0c0, 0x000001684ad4a9d0]
Event: 5.943 Thread 0x000001685e1673b0 6324       3       org.gradle.internal.deprecation.DeprecationLogger::maybeEnable (24 bytes)
Event: 5.943 Thread 0x000001685e1673b0 nmethod 6324 0x000001684ad4ad10 code [0x000001684ad4af40, 0x000001684ad4b850]
Event: 5.944 Thread 0x000001685e615b30 nmethod 6320 0x000001685208c910 code [0x000001685208cae0, 0x000001685208d0f8]
Event: 5.944 Thread 0x000001685e615b30 6321       4       java.net.URI$Parser::at (23 bytes)
Event: 5.945 Thread 0x000001685e615b30 nmethod 6321 0x000001685208d510 code [0x000001685208d6c0, 0x000001685208d828]

GC Heap History (20 events):
Event: 1.713 GC heap before
{Heap before GC invocations=3 (full 0):
 garbage-first heap   total 524288K, used 55876K [0x0000000080000000, 0x0000000100000000)
  region size 1024K, 44 young (45056K), 1 survivors (1024K)
 Metaspace       used 21263K, committed 21504K, reserved 1114112K
  class space    used 2519K, committed 2624K, reserved 1048576K
}
Event: 1.719 GC heap after
{Heap after GC invocations=4 (full 0):
 garbage-first heap   total 524288K, used 20234K [0x0000000080000000, 0x0000000100000000)
  region size 1024K, 9 young (9216K), 9 survivors (9216K)
 Metaspace       used 21263K, committed 21504K, reserved 1114112K
  class space    used 2519K, committed 2624K, reserved 1048576K
}
Event: 2.143 GC heap before
{Heap before GC invocations=5 (full 0):
 garbage-first heap   total 71680K, used 53002K [0x0000000080000000, 0x0000000100000000)
  region size 1024K, 42 young (43008K), 9 survivors (9216K)
 Metaspace       used 27327K, committed 27776K, reserved 1114112K
  class space    used 3470K, committed 3712K, reserved 1048576K
}
Event: 2.150 GC heap after
{Heap after GC invocations=6 (full 0):
 garbage-first heap   total 71680K, used 21789K [0x0000000080000000, 0x0000000100000000)
  region size 1024K, 2 young (2048K), 2 survivors (2048K)
 Metaspace       used 27327K, committed 27776K, reserved 1114112K
  class space    used 3470K, committed 3712K, reserved 1048576K
}
Event: 2.545 GC heap before
{Heap before GC invocations=6 (full 0):
 garbage-first heap   total 71680K, used 57629K [0x0000000080000000, 0x0000000100000000)
  region size 1024K, 37 young (37888K), 2 survivors (2048K)
 Metaspace       used 32052K, committed 32640K, reserved 1114112K
  class space    used 4320K, committed 4608K, reserved 1048576K
}
Event: 2.549 GC heap after
{Heap after GC invocations=7 (full 0):
 garbage-first heap   total 71680K, used 24486K [0x0000000080000000, 0x0000000100000000)
  region size 1024K, 5 young (5120K), 5 survivors (5120K)
 Metaspace       used 32052K, committed 32640K, reserved 1114112K
  class space    used 4320K, committed 4608K, reserved 1048576K
}
Event: 2.824 GC heap before
{Heap before GC invocations=7 (full 0):
 garbage-first heap   total 71680K, used 47014K [0x0000000080000000, 0x0000000100000000)
  region size 1024K, 28 young (28672K), 5 survivors (5120K)
 Metaspace       used 35328K, committed 36160K, reserved 1114112K
  class space    used 4918K, committed 5312K, reserved 1048576K
}
Event: 2.828 GC heap after
{Heap after GC invocations=8 (full 0):
 garbage-first heap   total 71680K, used 26270K [0x0000000080000000, 0x0000000100000000)
  region size 1024K, 5 young (5120K), 5 survivors (5120K)
 Metaspace       used 35328K, committed 36160K, reserved 1114112K
  class space    used 4918K, committed 5312K, reserved 1048576K
}
Event: 3.105 GC heap before
{Heap before GC invocations=9 (full 0):
 garbage-first heap   total 72704K, used 71326K [0x0000000080000000, 0x0000000100000000)
  region size 1024K, 21 young (21504K), 5 survivors (5120K)
 Metaspace       used 36603K, committed 37504K, reserved 1114112K
  class space    used 5140K, committed 5568K, reserved 1048576K
}
Event: 3.111 GC heap after
{Heap after GC invocations=10 (full 0):
 garbage-first heap   total 81920K, used 60309K [0x0000000080000000, 0x0000000100000000)
  region size 1024K, 5 young (5120K), 5 survivors (5120K)
 Metaspace       used 36603K, committed 37504K, reserved 1114112K
  class space    used 5140K, committed 5568K, reserved 1048576K
}
Event: 3.249 GC heap before
{Heap before GC invocations=10 (full 0):
 garbage-first heap   total 81920K, used 72597K [0x0000000080000000, 0x0000000100000000)
  region size 1024K, 17 young (17408K), 5 survivors (5120K)
 Metaspace       used 38312K, committed 39168K, reserved 1114112K
  class space    used 5375K, committed 5760K, reserved 1048576K
}
Event: 3.251 GC heap after
{Heap after GC invocations=11 (full 0):
 garbage-first heap   total 81920K, used 60913K [0x0000000080000000, 0x0000000100000000)
  region size 1024K, 1 young (1024K), 1 survivors (1024K)
 Metaspace       used 38312K, committed 39168K, reserved 1114112K
  class space    used 5375K, committed 5760K, reserved 1048576K
}
Event: 3.398 GC heap before
{Heap before GC invocations=11 (full 0):
 garbage-first heap   total 81920K, used 74225K [0x0000000080000000, 0x0000000100000000)
  region size 1024K, 14 young (14336K), 1 survivors (1024K)
 Metaspace       used 40150K, committed 41088K, reserved 1114112K
  class space    used 5691K, committed 6144K, reserved 1048576K
}
Event: 3.401 GC heap after
{Heap after GC invocations=12 (full 0):
 garbage-first heap   total 303104K, used 61573K [0x0000000080000000, 0x0000000100000000)
  region size 1024K, 2 young (2048K), 2 survivors (2048K)
 Metaspace       used 40150K, committed 41088K, reserved 1114112K
  class space    used 5691K, committed 6144K, reserved 1048576K
}
Event: 4.610 GC heap before
{Heap before GC invocations=13 (full 0):
 garbage-first heap   total 208896K, used 188549K [0x0000000080000000, 0x0000000100000000)
  region size 1024K, 122 young (124928K), 2 survivors (2048K)
 Metaspace       used 55489K, committed 56960K, reserved 1114112K
  class space    used 7766K, committed 8512K, reserved 1048576K
}
Event: 4.620 GC heap after
{Heap after GC invocations=14 (full 0):
 garbage-first heap   total 208896K, used 71223K [0x0000000080000000, 0x0000000100000000)
  region size 1024K, 11 young (11264K), 11 survivors (11264K)
 Metaspace       used 55489K, committed 56960K, reserved 1114112K
  class space    used 7766K, committed 8512K, reserved 1048576K
}
Event: 5.642 GC heap before
{Heap before GC invocations=14 (full 0):
 garbage-first heap   total 208896K, used 191031K [0x0000000080000000, 0x0000000100000000)
  region size 1024K, 111 young (113664K), 11 survivors (11264K)
 Metaspace       used 64116K, committed 65792K, reserved 1114112K
  class space    used 8921K, committed 9728K, reserved 1048576K
}
Event: 5.655 GC heap after
{Heap after GC invocations=15 (full 0):
 garbage-first heap   total 215040K, used 97508K [0x0000000080000000, 0x0000000100000000)
  region size 1024K, 11 young (11264K), 11 survivors (11264K)
 Metaspace       used 64116K, committed 65792K, reserved 1114112K
  class space    used 8921K, committed 9728K, reserved 1048576K
}
Event: 5.946 GC heap before
{Heap before GC invocations=15 (full 0):
 garbage-first heap   total 215040K, used 126180K [0x0000000080000000, 0x0000000100000000)
  region size 1024K, 40 young (40960K), 11 survivors (11264K)
 Metaspace       used 67384K, committed 69056K, reserved 1114112K
  class space    used 9471K, committed 10304K, reserved 1048576K
}
Event: 5.953 GC heap after
{Heap after GC invocations=16 (full 0):
 garbage-first heap   total 215040K, used 99690K [0x0000000080000000, 0x0000000100000000)
  region size 1024K, 2 young (2048K), 2 survivors (2048K)
 Metaspace       used 67384K, committed 69056K, reserved 1114112K
  class space    used 9471K, committed 10304K, reserved 1048576K
}

Dll operation events (3 events):
Event: 0.009 Loaded shared library C:\Program Files\Android\Android Studio\jbr\bin\java.dll
Event: 0.017 Loaded shared library C:\Program Files\Android\Android Studio\jbr\bin\zip.dll
Event: 0.463 Loaded shared library C:\Program Files\Android\Android Studio\jbr\bin\verify.dll

Deoptimization events (20 events):
Event: 5.796 Thread 0x000001686464cbc0 Uncommon trap: trap_request=0xffffff45 fr.pc=0x0000016851dd0f94 relative=0x0000000000000074
Event: 5.796 Thread 0x000001686464cbc0 Uncommon trap: reason=unstable_if action=reinterpret pc=0x0000016851dd0f94 method=java.lang.ref.ReferenceQueue.poll()Ljava/lang/ref/Reference; @ 4 c2
Event: 5.796 Thread 0x000001686464cbc0 DEOPT PACKING pc=0x0000016851dd0f94 sp=0x00000012f3ef56b0
Event: 5.796 Thread 0x000001686464cbc0 DEOPT UNPACKING pc=0x00000168517b46a2 sp=0x00000012f3ef5638 mode 2
Event: 5.876 Thread 0x000001686464cbc0 Uncommon trap: trap_request=0xffffff45 fr.pc=0x0000016851f68fc0 relative=0x00000000000003a0
Event: 5.876 Thread 0x000001686464cbc0 Uncommon trap: reason=unstable_if action=reinterpret pc=0x0000016851f68fc0 method=org.gradle.internal.reflect.PropertyAccessorType.isGetGetterName(Ljava/lang/String;)Z @ 14 c2
Event: 5.876 Thread 0x000001686464cbc0 DEOPT PACKING pc=0x0000016851f68fc0 sp=0x00000012f3ef75d0
Event: 5.876 Thread 0x000001686464cbc0 DEOPT UNPACKING pc=0x00000168517b46a2 sp=0x00000012f3ef7528 mode 2
Event: 5.922 Thread 0x000001686464cbc0 Uncommon trap: trap_request=0xffffff45 fr.pc=0x0000016851dc8140 relative=0x0000000000000200
Event: 5.922 Thread 0x000001686464cbc0 Uncommon trap: reason=unstable_if action=reinterpret pc=0x0000016851dc8140 method=java.net.URI$Parser.scan(IILjava/lang/String;)I @ 26 c2
Event: 5.922 Thread 0x000001686464cbc0 DEOPT PACKING pc=0x0000016851dc8140 sp=0x00000012f3ef7af0
Event: 5.922 Thread 0x000001686464cbc0 DEOPT UNPACKING pc=0x00000168517b46a2 sp=0x00000012f3ef7a80 mode 2
Event: 5.922 Thread 0x000001686464cbc0 Uncommon trap: trap_request=0xffffff45 fr.pc=0x0000016851d43de0 relative=0x0000000000000140
Event: 5.922 Thread 0x000001686464cbc0 Uncommon trap: reason=unstable_if action=reinterpret pc=0x0000016851d43de0 method=java.net.URI.match(CJJ)Z @ 45 c2
Event: 5.922 Thread 0x000001686464cbc0 DEOPT PACKING pc=0x0000016851d43de0 sp=0x00000012f3ef7850
Event: 5.922 Thread 0x000001686464cbc0 DEOPT UNPACKING pc=0x00000168517b46a2 sp=0x00000012f3ef7788 mode 2
Event: 5.941 Thread 0x000001686464cbc0 Uncommon trap: trap_request=0xffffff45 fr.pc=0x0000016851dbaee0 relative=0x00000000000000c0
Event: 5.941 Thread 0x000001686464cbc0 Uncommon trap: reason=unstable_if action=reinterpret pc=0x0000016851dbaee0 method=java.net.URI.match(CJJ)Z @ 45 c2
Event: 5.941 Thread 0x000001686464cbc0 DEOPT PACKING pc=0x0000016851dbaee0 sp=0x00000012f3ef77f0
Event: 5.941 Thread 0x000001686464cbc0 DEOPT UNPACKING pc=0x00000168517b46a2 sp=0x00000012f3ef7780 mode 2

Classes loaded (20 events):
Event: 5.873 Loading class java/util/function/LongUnaryOperator
Event: 5.873 Loading class java/util/function/LongUnaryOperator done
Event: 5.924 Loading class javax/net/ssl/HostnameVerifier
Event: 5.924 Loading class javax/net/ssl/HostnameVerifier done
Event: 5.925 Loading class javax/net/ssl/TrustManager
Event: 5.925 Loading class javax/net/ssl/TrustManager done
Event: 5.925 Loading class javax/net/ssl/X509TrustManager
Event: 5.926 Loading class javax/net/ssl/X509TrustManager done
Event: 5.927 Loading class javax/net/ssl/SSLException
Event: 5.927 Loading class javax/net/ssl/SSLException done
Event: 5.927 Loading class javax/net/ssl/SSLPeerUnverifiedException
Event: 5.927 Loading class javax/net/ssl/SSLPeerUnverifiedException done
Event: 5.927 Loading class javax/naming/NamingException
Event: 5.927 Loading class javax/naming/NamingException done
Event: 5.927 Loading class javax/naming/InvalidNameException
Event: 5.927 Loading class javax/naming/InvalidNameException done
Event: 5.927 Loading class java/security/cert/CertificateParsingException
Event: 5.927 Loading class java/security/cert/CertificateException
Event: 5.927 Loading class java/security/cert/CertificateException done
Event: 5.927 Loading class java/security/cert/CertificateParsingException done

Classes unloaded (0 events):
No events

Classes redefined (0 events):
No events

Internal exceptions (20 events):
Event: 5.502 Thread 0x000001686475ae00 Exception <a 'java/lang/NoSuchMethodError'{0x000000008723d5a0}: static Lorg/gradle/internal/operations/OperationIdentifier;.<clinit>()V> (0x000000008723d5a0) 
thrown [s\src\hotspot\share\prims\jni.cpp, line 1144]
Event: 5.737 Thread 0x000001686464cbc0 Exception <a 'java/lang/NoSuchMethodError'{0x000000008bf24c68}: 'void java.lang.invoke.DelegatingMethodHandle$Holder.reinvoke_L(java.lang.Object, java.lang.Object, int)'> (0x000000008bf24c68) 
thrown [s\src\hotspot\share\interpreter\linkResolver.cpp, line 784]
Event: 5.738 Thread 0x000001686464cbc0 Exception <a 'java/lang/NoSuchMethodError'{0x000000008bf2c280}: 'int java.lang.invoke.Invokers$Holder.invokeExact_MT(java.lang.Object, java.lang.Object, java.lang.Object)'> (0x000000008bf2c280) 
thrown [s\src\hotspot\share\interpreter\linkResolver.cpp, line 784]
Event: 5.739 Thread 0x000001686464cbc0 Exception <a 'java/lang/NoSuchMethodError'{0x000000008bf42e20}: 'void java.lang.invoke.DelegatingMethodHandle$Holder.reinvoke_L(java.lang.Object, java.lang.Object, long)'> (0x000000008bf42e20) 
thrown [s\src\hotspot\share\interpreter\linkResolver.cpp, line 784]
Event: 5.739 Thread 0x000001686464cbc0 Exception <a 'java/lang/NoSuchMethodError'{0x000000008bf4a650}: 'long java.lang.invoke.Invokers$Holder.invokeExact_MT(java.lang.Object, java.lang.Object, java.lang.Object)'> (0x000000008bf4a650) 
thrown [s\src\hotspot\share\interpreter\linkResolver.cpp, line 784]
Event: 5.775 Thread 0x000001686464cbc0 Exception <a 'java/lang/NoSuchMethodError'{0x000000008bc1a9c8}: 'void java.lang.invoke.Invokers$Holder.invokeExact_MT(java.lang.Object, java.lang.Object, java.lang.Object, java.lang.Object)'> (0x000000008bc1a9c8) 
thrown [s\src\hotspot\share\interpreter\linkResolver.cpp, line 784]
Event: 5.781 Thread 0x000001686464cbc0 Exception <a 'java/lang/ClassNotFoundException'{0x000000008bc8d2b8}: org/gradle/internal/serialize/codecs/core/ClosureCodec$BrokenScriptBeanInfo> (0x000000008bc8d2b8) 
thrown [s\src\hotspot\share\classfile\systemDictionary.cpp, line 312]
Event: 5.781 Thread 0x000001686464cbc0 Exception <a 'java/lang/ClassNotFoundException'{0x000000008bc9d3d8}: org/gradle/internal/serialize/codecs/core/ClosureCodec$BrokenScriptCustomizer> (0x000000008bc9d3d8) 
thrown [s\src\hotspot\share\classfile\systemDictionary.cpp, line 312]
Event: 5.782 Thread 0x000001686464cbc0 Exception <a 'java/lang/ClassNotFoundException'{0x000000008bcb8fc0}: org/gradle/api/invocation/GradleBeanInfo> (0x000000008bcb8fc0) 
thrown [s\src\hotspot\share\classfile\systemDictionary.cpp, line 312]
Event: 5.782 Thread 0x000001686464cbc0 Exception <a 'java/lang/ClassNotFoundException'{0x000000008bcc6300}: org/gradle/api/invocation/GradleCustomizer> (0x000000008bcc6300) 
thrown [s\src\hotspot\share\classfile\systemDictionary.cpp, line 312]
Event: 5.784 Thread 0x000001686464cbc0 Exception <a 'java/lang/NoSuchMethodError'{0x000000008bce8860}: 'void java.lang.invoke.Invokers$Holder.invokeExact_MT(java.lang.Object, java.lang.Object, int, java.lang.Object)'> (0x000000008bce8860) 
thrown [s\src\hotspot\share\interpreter\linkResolver.cpp, line 784]
Event: 5.787 Thread 0x000001686464cbc0 Exception <a 'java/lang/NoSuchMethodError'{0x000000008bb0b518}: 'void java.lang.invoke.Invokers$Holder.invokeExact_MT(java.lang.Object, java.lang.Object, long, java.lang.Object)'> (0x000000008bb0b518) 
thrown [s\src\hotspot\share\interpreter\linkResolver.cpp, line 784]
Event: 5.795 Thread 0x000001686464cbc0 Exception <a 'java/lang/ClassNotFoundException'{0x000000008ba347a0}: org/gradle/api/internal/project/DefaultProject_DecoratedBeanInfo> (0x000000008ba347a0) 
thrown [s\src\hotspot\share\classfile\systemDictionary.cpp, line 312]
Event: 5.795 Thread 0x000001686464cbc0 Exception <a 'java/lang/ClassNotFoundException'{0x000000008ba40a20}: org/gradle/api/internal/project/DefaultProjectBeanInfo> (0x000000008ba40a20) 
thrown [s\src\hotspot\share\classfile\systemDictionary.cpp, line 312]
Event: 5.795 Thread 0x000001686464cbc0 Exception <a 'java/lang/ClassNotFoundException'{0x000000008ba4cd58}: org/gradle/api/internal/project/DefaultProjectCustomizer> (0x000000008ba4cd58) 
thrown [s\src\hotspot\share\classfile\systemDictionary.cpp, line 312]
Event: 5.798 Thread 0x000001686464cbc0 Exception <a 'java/lang/ClassNotFoundException'{0x000000008b90b210}: org/gradle/api/internal/project/DefaultProject_DecoratedCustomizer> (0x000000008b90b210) 
thrown [s\src\hotspot\share\classfile\systemDictionary.cpp, line 312]
Event: 5.873 Thread 0x000001686464cbc0 Exception <a 'java/lang/NoSuchMethodError'{0x000000008b2cdfb0}: 'long java.lang.invoke.DirectMethodHandle$Holder.invokeStatic(java.lang.Object, long)'> (0x000000008b2cdfb0) 
thrown [s\src\hotspot\share\interpreter\linkResolver.cpp, line 784]
Event: 5.920 Thread 0x000001686464cbc0 Exception <a 'java/lang/NoSuchMethodError'{0x000000008ad1eac0}: 'java.lang.Object java.lang.invoke.DirectMethodHandle$Holder.invokeVirtual(java.lang.Object, java.lang.Object, java.lang.Object, java.lang.Object, java.lang.Object, java.lang.Object, java.lang.Object, java.lang.Object, java.lang.Object, java.lang.Object, java.lang.Object, java.lang.Object, java.lang.Object, java.lang.Object, java.lang.Object, java.lang.Object, java.lang.Object)'> (0x000000008ad1eac0) 
thrown [s\src\hotspot\share\interpreter\li
Event: 5.920 Thread 0x000001686464cbc0 Exception <a 'java/lang/NoSuchMethodError'{0x000000008ad24c40}: 'java.lang.Object java.lang.invoke.DirectMethodHandle$Holder.invokeSpecial(java.lang.Object, java.lang.Object, java.lang.Object, java.lang.Object, java.lang.Object, java.lang.Object, java.lang.Object, java.lang.Object, java.lang.Object, java.lang.Object, java.lang.Object, java.lang.Object, java.lang.Object, java.lang.Object, java.lang.Object, java.lang.Object, java.lang.Object, java.lang.Object)'> (0x000000008ad24c40) 
thrown [s\src\hotspot\sh
Event: 5.920 Thread 0x000001686464cbc0 Exception <a 'java/lang/NoSuchMethodError'{0x000000008ad2a448}: 'java.lang.Object java.lang.invoke.DelegatingMethodHandle$Holder.reinvoke_L(java.lang.Object, java.lang.Object, java.lang.Object, java.lang.Object, java.lang.Object, java.lang.Object, java.lang.Object, java.lang.Object, java.lang.Object, java.lang.Object, java.lang.Object, java.lang.Object, java.lang.Object, java.lang.Object, java.lang.Object, java.lang.Object, java.lang.Object)'> (0x000000008ad2a448) 
thrown [s\src\hotspot\share\interpreter\l

ZGC Phase Switch (0 events):
No events

VM Operations (20 events):
Event: 4.752 Executing VM operation: HandshakeAllThreads (Deoptimize)
Event: 4.752 Executing VM operation: HandshakeAllThreads (Deoptimize) done
Event: 4.991 Executing VM operation: ICBufferFull
Event: 4.991 Executing VM operation: ICBufferFull done
Event: 5.130 Executing VM operation: HandshakeAllThreads (Deoptimize)
Event: 5.130 Executing VM operation: HandshakeAllThreads (Deoptimize) done
Event: 5.233 Executing VM operation: ICBufferFull
Event: 5.234 Executing VM operation: ICBufferFull done
Event: 5.489 Executing VM operation: ICBufferFull
Event: 5.489 Executing VM operation: ICBufferFull done
Event: 5.550 Executing VM operation: HandshakeAllThreads (Deoptimize)
Event: 5.550 Executing VM operation: HandshakeAllThreads (Deoptimize) done
Event: 5.642 Executing VM operation: G1CollectForAllocation (G1 Evacuation Pause)
Event: 5.655 Executing VM operation: G1CollectForAllocation (G1 Evacuation Pause) done
Event: 5.663 Executing VM operation: HandshakeAllThreads (Deoptimize)
Event: 5.663 Executing VM operation: HandshakeAllThreads (Deoptimize) done
Event: 5.757 Executing VM operation: HandshakeAllThreads (Deoptimize)
Event: 5.757 Executing VM operation: HandshakeAllThreads (Deoptimize) done
Event: 5.946 Executing VM operation: CollectForMetadataAllocation (Metadata GC Threshold)
Event: 5.953 Executing VM operation: CollectForMetadataAllocation (Metadata GC Threshold) done

Memory protections (0 events):
No events

Nmethod flushes (20 events):
Event: 3.430 Thread 0x000001685e087c00 flushing  nmethod 0x000001684a369e10
Event: 3.430 Thread 0x000001685e087c00 flushing  nmethod 0x000001684a3add10
Event: 3.430 Thread 0x000001685e087c00 flushing  nmethod 0x000001684a3b5e90
Event: 3.430 Thread 0x000001685e087c00 flushing  nmethod 0x000001684a3b6410
Event: 3.430 Thread 0x000001685e087c00 flushing  nmethod 0x000001684a3c9b90
Event: 3.430 Thread 0x000001685e087c00 flushing  nmethod 0x000001684a3e8f10
Event: 3.430 Thread 0x000001685e087c00 flushing  nmethod 0x000001684a3ed010
Event: 3.430 Thread 0x000001685e087c00 flushing  nmethod 0x000001684a41b690
Event: 3.430 Thread 0x000001685e087c00 flushing  nmethod 0x000001684a448a90
Event: 3.430 Thread 0x000001685e087c00 flushing  nmethod 0x000001684a464d10
Event: 3.430 Thread 0x000001685e087c00 flushing  nmethod 0x000001684a46c190
Event: 3.430 Thread 0x000001685e087c00 flushing  nmethod 0x000001684a56c210
Event: 3.430 Thread 0x000001685e087c00 flushing  nmethod 0x000001684a570790
Event: 3.430 Thread 0x000001685e087c00 flushing  nmethod 0x000001684a5d8d90
Event: 3.430 Thread 0x000001685e087c00 flushing  nmethod 0x000001684a61d410
Event: 3.430 Thread 0x000001685e087c00 flushing  nmethod 0x000001684a622d90
Event: 3.430 Thread 0x000001685e087c00 flushing  nmethod 0x000001684a845a90
Event: 3.430 Thread 0x000001685e087c00 flushing  nmethod 0x000001684a846210
Event: 3.430 Thread 0x000001685e087c00 flushing  nmethod 0x000001684a847a90
Event: 3.430 Thread 0x000001685e087c00 flushing  nmethod 0x000001684a854290

Events (20 events):
Event: 2.793 Thread 0x000001686464cbc0 Thread added: 0x0000016867491410
Event: 2.893 Thread 0x000001686464cbc0 Thread added: 0x0000016867492130
Event: 2.893 Thread 0x000001686464cbc0 Thread added: 0x0000016867490060
Event: 2.893 Thread 0x000001686464cbc0 Thread added: 0x00000168674906f0
Event: 2.893 Thread 0x000001686464cbc0 Thread added: 0x0000016867491aa0
Event: 3.886 Thread 0x000001686464cbc0 Thread added: 0x00000168674927c0
Event: 3.905 Thread 0x000001686464cbc0 Thread added: 0x00000168674934e0
Event: 4.264 Thread 0x000001686464cbc0 Thread added: 0x0000016867493b70
Event: 4.298 Thread 0x000001686464cbc0 Thread added: 0x0000016867490d80
Event: 4.782 Thread 0x000001686464cbc0 Thread added: 0x0000016867496ff0
Event: 4.783 Thread 0x000001686464cbc0 Thread added: 0x0000016867497680
Event: 4.815 Thread 0x000001686464cbc0 Thread added: 0x00000168674962d0
Event: 4.815 Thread 0x000001686464cbc0 Thread added: 0x0000016867495c40
Event: 4.956 Thread 0x000001686464cbc0 Thread added: 0x0000016867494890
Event: 4.956 Thread 0x000001686464cbc0 Thread added: 0x00000168674955b0
Event: 4.957 Thread 0x000001686464cbc0 Thread added: 0x0000016867ad8430
Event: 4.979 Thread 0x000001686464cbc0 Thread added: 0x0000016867adb8b0
Event: 4.980 Thread 0x000001686464cbc0 Thread added: 0x0000016867adab90
Event: 4.980 Thread 0x000001686464cbc0 Thread added: 0x0000016867ada500
Event: 5.458 Thread 0x000001686464cbc0 Thread added: 0x0000016867adbf40


Dynamic libraries:
0x00007ff69a370000 - 0x00007ff69a37a000 	C:\Program Files\Android\Android Studio\jbr\bin\java.exe
0x00007fff1ed00000 - 0x00007fff1ef69000 	C:\WINDOWS\SYSTEM32\ntdll.dll
0x00007fff1d620000 - 0x00007fff1d6e9000 	C:\WINDOWS\System32\KERNEL32.DLL
0x00007fff1be90000 - 0x00007fff1c283000 	C:\WINDOWS\System32\KERNELBASE.dll
0x00007fff1c6b0000 - 0x00007fff1c7fb000 	C:\WINDOWS\System32\ucrtbase.dll
0x00007fff18ea0000 - 0x00007fff18ebb000 	C:\Program Files\Android\Android Studio\jbr\bin\VCRUNTIME140.dll
0x00007fff0bd70000 - 0x00007fff0bd88000 	C:\Program Files\Android\Android Studio\jbr\bin\jli.dll
0x00007fff1cea0000 - 0x00007fff1d064000 	C:\WINDOWS\System32\USER32.dll
0x00007fff1caa0000 - 0x00007fff1cac7000 	C:\WINDOWS\System32\win32u.dll
0x00007fff061f0000 - 0x00007fff06483000 	C:\WINDOWS\WinSxS\amd64_microsoft.windows.common-controls_6595b64144ccf1df_6.0.26100.5074_none_3e0d6f78e32fd63f\COMCTL32.dll
0x00007fff1d350000 - 0x00007fff1d37b000 	C:\WINDOWS\System32\GDI32.dll
0x00007fff1db90000 - 0x00007fff1dc39000 	C:\WINDOWS\System32\msvcrt.dll
0x00007fff1c400000 - 0x00007fff1c52d000 	C:\WINDOWS\System32\gdi32full.dll
0x00007fff1c350000 - 0x00007fff1c3f3000 	C:\WINDOWS\System32\msvcp_win.dll
0x00007fff1eb20000 - 0x00007fff1eb4f000 	C:\WINDOWS\System32\IMM32.DLL
0x00007fff18f60000 - 0x00007fff18f6c000 	C:\Program Files\Android\Android Studio\jbr\bin\vcruntime140_1.dll
0x00007ffef1500000 - 0x00007ffef158d000 	C:\Program Files\Android\Android Studio\jbr\bin\msvcp140.dll
0x00007ffe98150000 - 0x00007ffe98de6000 	C:\Program Files\Android\Android Studio\jbr\bin\server\jvm.dll
0x00007fff1d290000 - 0x00007fff1d344000 	C:\WINDOWS\System32\ADVAPI32.dll
0x00007fff1cb30000 - 0x00007fff1cbd6000 	C:\WINDOWS\System32\sechost.dll
0x00007fff1d070000 - 0x00007fff1d188000 	C:\WINDOWS\System32\RPCRT4.dll
0x00007fff1e040000 - 0x00007fff1e0b4000 	C:\WINDOWS\System32\WS2_32.dll
0x00007fff1b8e0000 - 0x00007fff1b93e000 	C:\WINDOWS\SYSTEM32\POWRPROF.dll
0x00007fff14ea0000 - 0x00007fff14ed5000 	C:\WINDOWS\SYSTEM32\WINMM.dll
0x00007fff15bd0000 - 0x00007fff15bdb000 	C:\WINDOWS\SYSTEM32\VERSION.dll
0x00007fff1b880000 - 0x00007fff1b894000 	C:\WINDOWS\SYSTEM32\UMPDC.dll
0x00007fff1ace0000 - 0x00007fff1acfb000 	C:\WINDOWS\SYSTEM32\kernel.appcore.dll
0x00007fff17020000 - 0x00007fff1702a000 	C:\Program Files\Android\Android Studio\jbr\bin\jimage.dll
0x00007fff14b30000 - 0x00007fff14d72000 	C:\WINDOWS\SYSTEM32\DBGHELP.DLL
0x00007fff1dc40000 - 0x00007fff1dfbb000 	C:\WINDOWS\System32\combase.dll
0x00007fff1cbe0000 - 0x00007fff1ccb7000 	C:\WINDOWS\System32\OLEAUT32.dll
0x00007fff0f2b0000 - 0x00007fff0f2ed000 	C:\WINDOWS\SYSTEM32\dbgcore.DLL
0x00007fff1c800000 - 0x00007fff1c899000 	C:\WINDOWS\System32\bcryptPrimitives.dll
0x00007fff17050000 - 0x00007fff1705e000 	C:\Program Files\Android\Android Studio\jbr\bin\instrument.dll
0x00007fff17000000 - 0x00007fff17020000 	C:\Program Files\Android\Android Studio\jbr\bin\java.dll
0x00007fff10a40000 - 0x00007fff10a58000 	C:\Program Files\Android\Android Studio\jbr\bin\zip.dll
0x00007fff1e2c0000 - 0x00007fff1ea0d000 	C:\WINDOWS\System32\SHELL32.dll
0x00007fff1c930000 - 0x00007fff1ca9c000 	C:\WINDOWS\System32\wintypes.dll
0x00007fff19b30000 - 0x00007fff1a389000 	C:\WINDOWS\SYSTEM32\windows.storage.dll
0x00007fff1d190000 - 0x00007fff1d280000 	C:\WINDOWS\System32\SHCORE.dll
0x00007fff1ec20000 - 0x00007fff1ec82000 	C:\WINDOWS\System32\shlwapi.dll
0x00007fff1bdb0000 - 0x00007fff1bdd9000 	C:\WINDOWS\SYSTEM32\profapi.dll
0x00007fff16ff0000 - 0x00007fff17000000 	C:\Program Files\Android\Android Studio\jbr\bin\net.dll
0x00007fff15890000 - 0x00007fff159af000 	C:\WINDOWS\SYSTEM32\WINHTTP.dll
0x00007fff1b260000 - 0x00007fff1b2cb000 	C:\WINDOWS\system32\mswsock.dll
0x00007fff10a20000 - 0x00007fff10a36000 	C:\Program Files\Android\Android Studio\jbr\bin\nio.dll
0x00007fff0f450000 - 0x00007fff0f460000 	C:\Program Files\Android\Android Studio\jbr\bin\verify.dll
0x00007ffef57a0000 - 0x00007ffef57c7000 	C:\Users\le86k\.gradle\native\1def1411415f61bf3af743bc5b6707747c0891f09f0c88961ee8f79bc544acac\windows-amd64\native-platform.dll
0x00007ffee5b10000 - 0x00007ffee5b88000 	C:\Users\le86k\.gradle\native\0.2.7\x86_64-windows-gnu\gradle-fileevents.dll
0x00007fff10260000 - 0x00007fff10269000 	C:\Program Files\Android\Android Studio\jbr\bin\management.dll
0x00007fff0fee0000 - 0x00007fff0feeb000 	C:\Program Files\Android\Android Studio\jbr\bin\management_ext.dll
0x00007fff1ea10000 - 0x00007fff1ea18000 	C:\WINDOWS\System32\PSAPI.DLL
0x00007fff1a700000 - 0x00007fff1a734000 	C:\WINDOWS\SYSTEM32\IPHLPAPI.DLL
0x00007fff1d380000 - 0x00007fff1d38a000 	C:\WINDOWS\System32\NSI.dll
0x00007fff16440000 - 0x00007fff16449000 	C:\Program Files\Android\Android Studio\jbr\bin\extnet.dll
0x00007fff1b500000 - 0x00007fff1b51b000 	C:\WINDOWS\SYSTEM32\CRYPTSP.dll
0x00007fff1ac40000 - 0x00007fff1ac7b000 	C:\WINDOWS\system32\rsaenh.dll
0x00007fff1b300000 - 0x00007fff1b32b000 	C:\WINDOWS\SYSTEM32\USERENV.dll
0x00007fff1bd80000 - 0x00007fff1bda6000 	C:\WINDOWS\SYSTEM32\bcrypt.dll
0x00007fff1b520000 - 0x00007fff1b52c000 	C:\WINDOWS\SYSTEM32\CRYPTBASE.dll
0x00007ffefc270000 - 0x00007ffefc278000 	C:\WINDOWS\system32\wshunix.dll

JVMTI agents:
C:\Users\le86k\.gradle\wrapper\dists\gradle-8.13-bin\5xuhj0ry160q40clulazy9h7d\gradle-8.13\lib\agents\gradle-instrumentation-agent-8.13.jar path:C:\Program Files\Android\Android Studio\jbr\bin\instrument.dll, loaded, initialized, instrumentlib options:none

dbghelp: loaded successfully - version: 4.0.5 - missing functions: none
symbol engine: initialized successfully - sym options: 0x614 - pdb path: .;C:\Program Files\Android\Android Studio\jbr\bin;C:\WINDOWS\SYSTEM32;C:\WINDOWS\WinSxS\amd64_microsoft.windows.common-controls_6595b64144ccf1df_6.0.26100.5074_none_3e0d6f78e32fd63f;C:\Program Files\Android\Android Studio\jbr\bin\server;C:\Users\le86k\.gradle\native\1def1411415f61bf3af743bc5b6707747c0891f09f0c88961ee8f79bc544acac\windows-amd64;C:\Users\le86k\.gradle\native\0.2.7\x86_64-windows-gnu

VM Arguments:
jvm_args: --add-opens=java.base/java.lang=ALL-UNNAMED --add-opens=java.base/java.lang.invoke=ALL-UNNAMED --add-opens=java.base/java.util=ALL-UNNAMED --add-opens=java.prefs/java.util.prefs=ALL-UNNAMED --add-exports=jdk.compiler/com.sun.tools.javac.api=ALL-UNNAMED --add-exports=jdk.compiler/com.sun.tools.javac.util=ALL-UNNAMED --add-opens=java.base/java.util=ALL-UNNAMED --add-opens=java.prefs/java.util.prefs=ALL-UNNAMED --add-opens=java.base/java.nio.charset=ALL-UNNAMED --add-opens=java.base/java.net=ALL-UNNAMED --add-opens=java.base/java.util.concurrent.atomic=ALL-UNNAMED --add-opens=java.xml/javax.xml.namespace=ALL-UNNAMED -Xmx2048m -Dfile.encoding=UTF-8 -Duser.country=RU -Duser.language=ru -Duser.variant -javaagent:C:\Users\le86k\.gradle\wrapper\dists\gradle-8.13-bin\5xuhj0ry160q40clulazy9h7d\gradle-8.13\lib\agents\gradle-instrumentation-agent-8.13.jar 
java_command: org.gradle.launcher.daemon.bootstrap.GradleDaemon 8.13
java_class_path (initial): C:\Users\le86k\.gradle\wrapper\dists\gradle-8.13-bin\5xuhj0ry160q40clulazy9h7d\gradle-8.13\lib\gradle-daemon-main-8.13.jar
Launcher Type: SUN_STANDARD

[Global flags]
     intx CICompilerCount                          = 3                                         {product} {ergonomic}
     uint ConcGCThreads                            = 1                                         {product} {ergonomic}
     uint G1ConcRefinementThreads                  = 4                                         {product} {ergonomic}
   size_t G1HeapRegionSize                         = 1048576                                   {product} {ergonomic}
    uintx GCDrainStackTargetSize                   = 64                                        {product} {ergonomic}
   size_t InitialHeapSize                          = 536870912                                 {product} {ergonomic}
   size_t MarkStackSize                            = 4194304                                   {product} {ergonomic}
   size_t MaxHeapSize                              = 2147483648                                {product} {command line}
   size_t MaxNewSize                               = 1287651328                                {product} {ergonomic}
   size_t MinHeapDeltaBytes                        = 1048576                                   {product} {ergonomic}
   size_t MinHeapSize                              = 8388608                                   {product} {ergonomic}
    uintx NonNMethodCodeHeapSize                   = 5832780                                {pd product} {ergonomic}
    uintx NonProfiledCodeHeapSize                  = 122912730                              {pd product} {ergonomic}
    uintx ProfiledCodeHeapSize                     = 122912730                              {pd product} {ergonomic}
    uintx ReservedCodeCacheSize                    = 251658240                              {pd product} {ergonomic}
     bool SegmentedCodeCache                       = true                                      {product} {ergonomic}
   size_t SoftMaxHeapSize                          = 2147483648                             {manageable} {ergonomic}
     bool UseCompressedOops                        = true                           {product lp64_product} {ergonomic}
     bool UseG1GC                                  = true                                      {product} {ergonomic}
     bool UseLargePagesIndividualAllocation        = false                                  {pd product} {ergonomic}

Logging:
Log output configuration:
 #0: stdout all=warning uptime,level,tags foldmultilines=false
 #1: stderr all=off uptime,level,tags foldmultilines=false

Environment Variables:
PATH=C:\WINDOWS\system32;C:\WINDOWS;C:\WINDOWS\System32\Wbem;C:\WINDOWS\System32\WindowsPowerShell\v1.0\;C:\WINDOWS\System32\OpenSSH\;C:\Program Files\Git\cmd;C:\Program Files\PowerShell\7\;C:\Users\le86k\AppData\Local\Microsoft\WindowsApps;C:\Program Files\JetBrains\IntelliJ IDEA 2025.2.1\bin
USERNAME=le86k
OS=Windows_NT
PROCESSOR_IDENTIFIER=Intel64 Family 6 Model 94 Stepping 3, GenuineIntel
TMP=C:\Users\le86k\AppData\Local\Temp
TEMP=C:\Users\le86k\AppData\Local\Temp




Periodic native trim disabled

JNI global refs:
JNI global refs: 26, weak refs: 0

JNI global refs memory usage: 835, weak refs: 833

Process memory usage:
Resident Set Size: 424804K (1% of 33496124K total physical memory with 20575664K free physical memory)

OOME stack traces (most recent first):
Classloader memory used:
Loader org.gradle.internal.classloader.VisitableURLClassLoader                         : 32504K
Loader bootstrap                                                                       : 23324K
Loader org.gradle.initialization.MixInLegacyTypesClassLoader                           : 9759K
Loader org.gradle.internal.classloader.VisitableURLClassLoader                         : 943K
Loader org.gradle.internal.classloader.VisitableURLClassLoader$InstrumentingVisitableURLClassLoader: 689K
Loader jdk.internal.loader.ClassLoaders$PlatformClassLoader                            : 534K
Loader jdk.internal.reflect.DelegatingClassLoader                                      : 243K
Loader jdk.internal.loader.ClassLoaders$AppClassLoader                                 : 235K
Loader org.gradle.groovy.scripts.internal.DefaultScriptCompilationHandler$ScriptClassLoader: 167K
Loader org.codehaus.groovy.runtime.callsite.CallSiteClassLoader                        : 66824B

Classes loaded by more than one classloader:
Class org.gradle.internal.IoActions                                                   : loaded 3 times (x 71B)
Class org.gradle.api.Action                                                           : loaded 3 times (x 70B)
Class org.gradle.internal.Cast                                                        : loaded 3 times (x 71B)
Class org.gradle.api.GradleException                                                  : loaded 3 times (x 82B)
Class org.gradle.api.UncheckedIOException                                             : loaded 3 times (x 82B)
Class org.gradle.internal.classloader.DefaultClassLoaderFactory                       : loaded 2 times (x 82B)
Class kotlin.collections.AbstractList$Companion                                       : loaded 2 times (x 71B)
Class org.gradle.internal.classloader.ClassLoaderVisitor                              : loaded 2 times (x 76B)
Class org.gradle.api.internal.classpath.EffectiveClassPath                            : loaded 2 times (x 90B)
Class org.gradle.tooling.internal.gradle.DefaultProjectIdentifier                     : loaded 2 times (x 86B)
Class org.gradle.api.internal.DefaultClassPathProvider                                : loaded 2 times (x 76B)
Class [Lorg.gradle.api.internal.ClassPathProvider;                                    : loaded 2 times (x 69B)
Class org.gradle.api.internal.ClassPathProvider                                       : loaded 2 times (x 70B)
Class org.gradle.internal.service.UnknownServiceException                             : loaded 2 times (x 83B)
Class org.gradle.internal.classpath.TransformedClassPath                              : loaded 2 times (x 96B)
Class org.gradle.internal.classloader.InstrumentingClassLoader                        : loaded 2 times (x 70B)
Class kotlin.enums.EnumEntriesList                                                    : loaded 2 times (x 223B)
Class org.gradle.internal.service.ServiceLocator                                      : loaded 2 times (x 70B)
Class com.intellij.gradle.toolingExtension.util.GradleVersionUtil                     : loaded 2 times (x 71B)
Class org.gradle.tooling.model.UnsupportedMethodException                             : loaded 2 times (x 82B)
Class org.gradle.internal.InternalTransformer                                         : loaded 2 times (x 70B)
Class settings_77kvdr1zmrk4m28u3ki85qlzy$_run_closure1$_closure2                      : loaded 2 times (x 139B)
Class org.gradle.internal.time.DefaultTimer                                           : loaded 2 times (x 80B)
Class org.gradle.internal.classloader.ClasspathUtil$1                                 : loaded 2 times (x 76B)
Class org.gradle.api.internal.classpath.DefaultModuleRegistry$DefaultModule           : loaded 2 times (x 86B)
Class org.gradle.internal.time.DefaultCountdownTimer                                  : loaded 2 times (x 88B)
Class org.gradle.tooling.internal.gradle.DefaultBuildIdentifier                       : loaded 2 times (x 79B)
Class kotlin.Function                                                                 : loaded 2 times (x 70B)
Class org.gradle.api.internal.classpath.Module                                        : loaded 2 times (x 70B)
Class org.gradle.api.internal.classpath.UnknownModuleException                        : loaded 2 times (x 82B)
Class settings_77kvdr1zmrk4m28u3ki85qlzy$_run_closure1                                : loaded 2 times (x 139B)
Class ijInit15_9sjkekhpaqhn6x38x2rw1snl4                                              : loaded 2 times (x 179B)
Class org.gradle.tooling.internal.gradle.GradleProjectIdentity                        : loaded 2 times (x 70B)
Class org.gradle.api.internal.DefaultClassPathRegistry                                : loaded 2 times (x 76B)
Class org.gradle.api.internal.ClassPathRegistry                                       : loaded 2 times (x 70B)
Class org.gradle.internal.classpath.DefaultClassPath$ImmutableUniqueList              : loaded 2 times (x 199B)
Class org.gradle.internal.operations.MultipleBuildOperationFailures                   : loaded 2 times (x 95B)
Class org.gradle.internal.classpath.ClassPath                                         : loaded 2 times (x 70B)
Class org.gradle.api.internal.classpath.ManifestUtil                                  : loaded 2 times (x 71B)
Class kotlin.UninitializedPropertyAccessException                                     : loaded 2 times (x 82B)
Class org.gradle.internal.installation.GradleInstallation$1                           : loaded 2 times (x 75B)
Class org.gradle.api.internal.classpath.ModuleRegistry                                : loaded 2 times (x 70B)
Class org.gradle.api.internal.classpath.DefaultModuleRegistry                         : loaded 2 times (x 86B)
Class settings_77kvdr1zmrk4m28u3ki85qlzy                                              : loaded 2 times (x 179B)
Class org.gradle.util.internal.DefaultGradleVersion$Stage                             : loaded 2 times (x 75B)
Class org.gradle.internal.time.MonotonicClock                                         : loaded 2 times (x 77B)
Class org.gradle.internal.service.ServiceLookupException                              : loaded 2 times (x 82B)
Class org.gradle.internal.classloader.ClassLoaderFactory                              : loaded 2 times (x 70B)
Class org.gradle.internal.service.CachingServiceLocator                               : loaded 2 times (x 82B)
Class org.gradle.internal.time.TimeSource                                             : loaded 2 times (x 70B)
Class org.gradle.tooling.internal.gradle.GradleBuildIdentity                          : loaded 2 times (x 70B)
Class kotlin.enums.EnumEntries                                                        : loaded 2 times (x 70B)
Class org.gradle.internal.exceptions.ResolutionProvider                               : loaded 2 times (x 70B)
Class org.gradle.tooling.model.ProjectIdentifier                                      : loaded 2 times (x 70B)
Class org.gradle.internal.classloader.ClasspathUtil                                   : loaded 2 times (x 71B)
Class org.gradle.internal.time.TimeSource$1                                           : loaded 2 times (x 77B)
Class kotlin.jvm.internal.DefaultConstructorMarker                                    : loaded 2 times (x 71B)
Class org.gradle.api.specs.Spec                                                       : loaded 2 times (x 70B)
Class com.intellij.gradle.toolingExtension.impl.model.utilDummyModel.DummyModel       : loaded 2 times (x 70B)
Class org.gradle.internal.time.Clock                                                  : loaded 2 times (x 70B)
Class kotlin.collections.AbstractList                                                 : loaded 2 times (x 197B)
Class kotlin.collections.AbstractCollection                                           : loaded 2 times (x 117B)
Class org.gradle.internal.impldep.com.google.common.base.Preconditions                : loaded 2 times (x 71B)
Class org.gradle.internal.classloader.VisitableURLClassLoader$InstrumentingVisitableURLClassLoader: loaded 2 times (x 123B)
Class org.gradle.internal.classloader.VisitableURLClassLoader$Spec                    : loaded 2 times (x 74B)
Class org.gradle.internal.classpath.DefaultClassPath                                  : loaded 2 times (x 90B)
Class org.gradle.util.internal.DefaultGradleVersion                                   : loaded 2 times (x 80B)
Class org.gradle.internal.classloader.ClassLoaderSpec                                 : loaded 2 times (x 71B)
Class kotlin.Unit                                                                     : loaded 2 times (x 71B)
Class org.gradle.internal.classloader.VisitableURLClassLoader                         : loaded 2 times (x 117B)
Class org.gradle.internal.classloader.ClassLoaderHierarchy                            : loaded 2 times (x 70B)
Class org.gradle.internal.classloader.FilteringClassLoader                            : loaded 2 times (x 105B)
Class kotlin.jvm.functions.Function1                                                  : loaded 2 times (x 70B)
Class sync_studio_tooling1357_5h948r557oyiyb2vowree7eue                               : loaded 2 times (x 179B)
Class org.gradle.internal.classpath.DefaultClassPath$ImmutableUniqueList$Builder      : loaded 2 times (x 75B)
Class org.gradle.tooling.model.Model                                                  : loaded 2 times (x 70B)
Class org.gradle.internal.exceptions.NonGradleCauseExceptionsHolder                   : loaded 2 times (x 70B)
Class org.jetbrains.plugins.gradle.tooling.ModelBuilderService$Parameter              : loaded 2 times (x 70B)
Class kotlin.NotImplementedError                                                      : loaded 2 times (x 82B)
Class kotlin.enums.EnumEntriesKt                                                      : loaded 2 times (x 71B)
Class org.gradle.internal.classloader.SystemClassLoaderSpec                           : loaded 2 times (x 71B)
Class org.gradle.internal.exceptions.MultiCauseException                              : loaded 2 times (x 70B)
Class org.gradle.internal.time.CountdownTimer                                         : loaded 2 times (x 70B)
Class kotlin.jvm.internal.Intrinsics                                                  : loaded 2 times (x 71B)
Class org.gradle.tooling.model.ProjectModel                                           : loaded 2 times (x 70B)
Class kotlin.KotlinNullPointerException                                               : loaded 2 times (x 83B)
Class org.gradle.internal.exceptions.DefaultMultiCauseException                       : loaded 2 times (x 95B)
Class org.gradle.internal.time.Time                                                   : loaded 2 times (x 71B)
Class org.gradle.api.internal.classpath.GlobalCacheRootsProvider                      : loaded 2 times (x 70B)
Class org.gradle.tooling.model.BuildIdentifier                                        : loaded 2 times (x 70B)
Class org.gradle.internal.time.Timer                                                  : loaded 2 times (x 70B)
Class kotlin.jvm.internal.markers.KMappedMarker                                       : loaded 2 times (x 70B)
Class org.gradle.internal.installation.CurrentGradleInstallationLocator               : loaded 2 times (x 71B)
Class org.gradle.internal.service.DefaultServiceLocator                               : loaded 2 times (x 83B)
Class org.gradle.util.GradleVersion                                                   : loaded 2 times (x 79B)
Class org.gradle.internal.installation.CurrentGradleInstallation                      : loaded 2 times (x 73B)
Class org.gradle.util.internal.GUtil                                                  : loaded 2 times (x 71B)
Class org.gradle.internal.installation.GradleInstallation                             : loaded 2 times (x 75B)

---------------  S Y S T E M  ---------------

OS:
 Windows 11 , 64 bit Build 26100 (10.0.26100.5074)
OS uptime: 1 days 6:23 hours

CPU: total 4 (initial active 4) (4 cores per cpu, 1 threads per core) family 6 model 94 stepping 3 microcode 0xd6, cx8, cmov, fxsr, mmx, 3dnowpref, sse, sse2, sse3, ssse3, sse4.1, sse4.2, popcnt, lzcnt, tsc, tscinvbit, avx, avx2, aes, erms, clmul, bmi1, bmi2, rtm, adx, fma, vzeroupper, clflush, clflushopt, rdtscp, f16c
Processor Information for the first 4 processors :
  Max Mhz: 3201, Current Mhz: 3201, Mhz Limit: 3201

Memory: 4k page, system-wide physical 32711M (20093M free)
TotalPageFile size 42439M (AvailPageFile size 27398M)
current process WorkingSet (physical memory assigned to process): 414M, peak: 414M
current process commit charge ("private bytes"): 440M, peak: 641M

vm_info: OpenJDK 64-Bit Server VM (21.0.8+-14196175-b1038.72) for windows-amd64 JRE (21.0.8+-14196175-b1038.72), built on 2025-10-01T10:24:33Z by "builder" with MS VC++ 16.10 / 16.11 (VS2019)

END.
